#
# There is insufficient memory for the Java Runtime Environment to continue.
# Native memory allocation (malloc) failed to allocate 32744 bytes for ChunkPool::allocate
# Possible reasons:
#   The system is out of physical RAM or swap space
#   In 32 bit mode, the process size limit was hit
# Possible solutions:
#   Reduce memory load on the system
#   Increase physical memory or swap space
#   Check if swap backing store is full
#   Use 64 bit Java on a 64 bit OS
#   Decrease Java heap size (-Xmx/-Xms)
#   Decrease number of Java threads
#   Decrease Java thread stack sizes (-Xss)
#   Set larger code cache with -XX:ReservedCodeCacheSize=
# This output file may be truncated or incomplete.
#
#  Out of Memory Error (allocation.cpp:273), pid=27608, tid=0x0000000000003ac8
#
# JRE version: Java(TM) SE Runtime Environment (8.0_131-b11) (build 1.8.0_131-b11)
# Java VM: Java HotSpot(TM) 64-Bit Server VM (25.131-b11 mixed mode windows-amd64 compressed oops)
# Failed to write core dump. Minidumps are not enabled by default on client versions of Windows
#

---------------  T H R E A D  ---------------

Current thread (0x0000000008c73000):  JavaThread "C1 CompilerThread2" daemon [_thread_in_native, id=15048, stack(0x0000000009380000,0x0000000009480000)]

Stack: [0x0000000009380000,0x0000000009480000]
[error occurred during error reporting (printing stack bounds), id 0xc0000005]

Native frames: (J=compiled Java code, j=interpreted, Vv=VM code, C=native code)


Current CompileTask:
C1: 153435 6449  s!   1       sun.net.www.protocol.http.HttpURLConnection::getInputStream0 (2023 bytes)


---------------  P R O C E S S  ---------------

Java Threads: ( => current thread )
  0x000000000d9a0800 JavaThread "DubboClientHandler-192.168.142.1:20891-thread-1" daemon [_thread_blocked, id=4572, stack(0x0000000020080000,0x0000000020180000)]
  0x000000000d99c800 JavaThread "NettyClientWorker-1-3" daemon [_thread_in_native, id=26304, stack(0x0000000010ef0000,0x0000000010ff0000)]
  0x000000000d99f000 JavaThread "Keep-Alive-Timer" daemon [_thread_blocked, id=25072, stack(0x00000000102f0000,0x00000000103f0000)]
  0x000000000d99c000 JavaThread "DubboClientHandler-192.168.142.1:20893-thread-1" daemon [_thread_blocked, id=25660, stack(0x0000000010df0000,0x0000000010ef0000)]
  0x000000000d99e000 JavaThread "NettyClientWorker-1-2" daemon [_thread_in_native, id=23692, stack(0x0000000010cf0000,0x0000000010df0000)]
  0x000000000d99b000 JavaThread "logback-5" daemon [_thread_blocked, id=15228, stack(0x0000000010bf0000,0x0000000010cf0000)]
  0x000000000d71a800 JavaThread "com.alibaba.nacos.client.naming.updater" daemon [_thread_blocked, id=2856, stack(0x0000000001510000,0x0000000001610000)]
  0x000000000d71b000 JavaThread "dubbo-future-timeout-thread-1" daemon [_thread_blocked, id=5248, stack(0x0000000010af0000,0x0000000010bf0000)]
  0x000000000d719800 JavaThread "JMX server connection timeout 176" daemon [_thread_blocked, id=27288, stack(0x00000000107f0000,0x00000000108f0000)]
  0x000000000d71c000 JavaThread "DubboSaveRegistryCache-thread-1" daemon [_thread_blocked, id=27560, stack(0x00000000106f0000,0x00000000107f0000)]
  0x000000000d712000 JavaThread "com.alibaba.nacos.client.naming.updater" daemon [_thread_blocked, id=23832, stack(0x00000000105f0000,0x00000000106f0000)]
  0x000000000d719000 JavaThread "com.alibaba.nacos.naming.beat.sender" daemon [_thread_blocked, id=22812, stack(0x00000000104f0000,0x00000000105f0000)]
  0x000000000d717800 JavaThread "com.alibaba.nacos.naming.beat.sender" daemon [_thread_blocked, id=25136, stack(0x00000000103f0000,0x00000000104f0000)]
  0x000000000d716000 JavaThread "com.alibaba.nacos.naming.push.receiver" daemon [_thread_in_native, id=27376, stack(0x00000000101f0000,0x00000000102f0000)]
  0x000000000d718000 JavaThread "com.alibaba.nacos.naming.failover" daemon [_thread_blocked, id=21004, stack(0x00000000100f0000,0x00000000101f0000)]
  0x000000000d715000 JavaThread "com.alibaba.nacos.naming.client.listener" daemon [_thread_blocked, id=16152, stack(0x000000000fcf0000,0x000000000fdf0000)]
  0x000000000d70e800 JavaThread "dubbo-client-idleCheck-thread-1" daemon [_thread_blocked, id=16960, stack(0x000000000fff0000,0x00000000100f0000)]
  0x000000000d713000 JavaThread "DubboClientHandler-192.168.142.1:20880-thread-1" daemon [_thread_blocked, id=10528, stack(0x000000000fef0000,0x000000000fff0000)]
  0x000000000d711800 JavaThread "NettyClientWorker-1-1" daemon [_thread_in_native, id=26496, stack(0x000000000fdf0000,0x000000000fef0000)]
  0x000000000d70d800 JavaThread "com.alibaba.nacos.client.naming.updater" daemon [_thread_blocked, id=19816, stack(0x000000000f1f0000,0x000000000f2f0000)]
  0x000000000d714800 JavaThread "logback-4" daemon [_thread_blocked, id=13692, stack(0x000000000f9f0000,0x000000000faf0000)]
  0x000000000d70d000 JavaThread "com.alibaba.nacos.client.naming.updater" daemon [_thread_blocked, id=23916, stack(0x000000000f8f0000,0x000000000f9f0000)]
  0x000000000d710000 JavaThread "container-0" [_thread_blocked, id=12276, stack(0x000000000eef0000,0x000000000eff0000)]
  0x000000000d70f000 JavaThread "Catalina-utility-2" [_thread_blocked, id=18316, stack(0x000000000edf0000,0x000000000eef0000)]
  0x000000000d710800 JavaThread "Catalina-utility-1" [_thread_blocked, id=27012, stack(0x000000000ecf0000,0x000000000edf0000)]
  0x000000000d713800 JavaThread "logback-3" daemon [_thread_blocked, id=25676, stack(0x000000000ebf0000,0x000000000ecf0000)]
  0x0000000009e43000 JavaThread "Druid-ConnectionPool-Destroy-530131514" daemon [_thread_blocked, id=27316, stack(0x000000000e8f0000,0x000000000e9f0000)]
  0x0000000009e41800 JavaThread "Druid-ConnectionPool-Create-530131514" daemon [_thread_blocked, id=1404, stack(0x000000000e4f0000,0x000000000e5f0000)]
  0x0000000009e42000 JavaThread "Abandoned connection cleanup thread" daemon [_thread_blocked, id=26120, stack(0x000000000e5f0000,0x000000000e6f0000)]
  0x0000000009e43800 JavaThread "SimplePauseDetectorThread_0" daemon [_thread_blocked, id=14952, stack(0x000000000e3f0000,0x000000000e4f0000)]
  0x0000000009e40000 JavaThread "Thread-48" daemon [_thread_blocked, id=23772, stack(0x000000000e2f0000,0x000000000e3f0000)]
  0x0000000009e40800 JavaThread "com.alibaba.nacos.naming.push.receiver" daemon [_thread_in_native, id=21356, stack(0x000000000ce20000,0x000000000cf20000)]
  0x0000000009e3f000 JavaThread "com.alibaba.nacos.naming.failover" daemon [_thread_blocked, id=22216, stack(0x000000000cd20000,0x000000000ce20000)]
  0x0000000009e3e800 JavaThread "com.alibaba.nacos.naming.client.listener" daemon [_thread_blocked, id=25544, stack(0x000000000cc20000,0x000000000cd20000)]
  0x0000000009e3d000 JavaThread "spring.cloud.inetutils" daemon [_thread_blocked, id=26052, stack(0x000000000cb20000,0x000000000cc20000)]
  0x0000000009e3d800 JavaThread "logback-2" daemon [_thread_blocked, id=7132, stack(0x000000000ca20000,0x000000000cb20000)]
  0x0000000009ee3000 JavaThread "com.alibaba.nacos.client.Worker.fixed-127.0.0.1_8848-f19d89a0-9ff1-4ff6-a488-036b95f90791" daemon [_thread_blocked, id=26028, stack(0x000000000bd20000,0x000000000be20000)]
  0x0000000009edf000 JavaThread "Timer-0" daemon [_thread_blocked, id=22972, stack(0x000000000bc20000,0x000000000bd20000)]
  0x000000000a20d800 JavaThread "logback-1" daemon [_thread_blocked, id=18660, stack(0x000000000bb20000,0x000000000bc20000)]
  0x000000000a1fc800 JavaThread "pool-2-thread-1" [_thread_blocked, id=26084, stack(0x000000000b820000,0x000000000b920000)]
  0x0000000009faa000 JavaThread "RMI Scheduler(0)" daemon [_thread_blocked, id=26808, stack(0x000000000b320000,0x000000000b420000)]
  0x0000000009fb8000 JavaThread "RMI TCP Connection(idle)" daemon [_thread_blocked, id=22584, stack(0x0000000009a50000,0x0000000009b50000)]
  0x0000000008ed6800 JavaThread "RMI TCP Accept-0" daemon [_thread_in_native, id=20552, stack(0x0000000009580000,0x0000000009680000)]
  0x0000000008c76000 JavaThread "Service Thread" daemon [_thread_blocked, id=27408, stack(0x0000000009480000,0x0000000009580000)]
=>0x0000000008c73000 JavaThread "C1 CompilerThread2" daemon [_thread_in_native, id=15048, stack(0x0000000009380000,0x0000000009480000)]
  0x0000000008c13000 JavaThread "C2 CompilerThread1" daemon [_thread_blocked, id=19300, stack(0x0000000009280000,0x0000000009380000)]
  0x0000000008c12800 JavaThread "C2 CompilerThread0" daemon [_thread_blocked, id=27488, stack(0x0000000009180000,0x0000000009280000)]
  0x0000000008c0f800 JavaThread "Monitor Ctrl-Break" daemon [_thread_in_native, id=24036, stack(0x0000000009080000,0x0000000009180000)]
  0x00000000082c3800 JavaThread "Attach Listener" daemon [_thread_blocked, id=9124, stack(0x0000000008780000,0x0000000008880000)]
  0x0000000006f3c000 JavaThread "Signal Dispatcher" daemon [_thread_blocked, id=20012, stack(0x0000000008680000,0x0000000008780000)]
  0x0000000006f11800 JavaThread "Finalizer" daemon [_thread_blocked, id=23164, stack(0x0000000008180000,0x0000000008280000)]
  0x000000000375e000 JavaThread "Reference Handler" daemon [_thread_blocked, id=27584, stack(0x0000000008080000,0x0000000008180000)]
  0x0000000003669000 JavaThread "main" [_thread_in_native, id=25300, stack(0x0000000003560000,0x0000000003660000)]

Other Threads:
  0x0000000006ee8000 VMThread [stack: 0x0000000007f80000,0x0000000008080000] [id=17980]
  0x0000000008ee2000 WatcherThread [stack: 0x0000000009750000,0x0000000009850000] [id=25192]

VM state:not at safepoint (normal execution)

VM Mutex/Monitor currently owned by a thread: None

Heap:
 PSYoungGen      total 318464K, used 40577K [0x00000000eb300000, 0x0000000100000000, 0x0000000100000000)
  eden space 307200K, 13% used [0x00000000eb300000,0x00000000edaa05e8,0x00000000fdf00000)
  from space 11264K, 0% used [0x00000000fdf00000,0x00000000fdf00000,0x00000000fea00000)
  to   space 17408K, 0% used [0x00000000fef00000,0x00000000fef00000,0x0000000100000000)
 ParOldGen       total 60416K, used 47177K [0x00000000c1800000, 0x00000000c5300000, 0x00000000eb300000)
  object space 60416K, 78% used [0x00000000c1800000,0x00000000c4612628,0x00000000c5300000)
 Metaspace       used 56726K, capacity 59841K, committed 59992K, reserved 1101824K
  class space    used 7503K, capacity 8038K, committed 8064K, reserved 1048576K

Card table byte_map: [0x0000000003cf0000,0x0000000003ef0000] byte_map_base: 0x00000000036e4000

Marking Bits: (ParMarkBitMap*) 0x00000000518cc720
 Begin Bits: [0x0000000004440000, 0x00000000053e0000)
 End Bits:   [0x00000000053e0000, 0x0000000006380000)

Polling page: 0x00000000013f0000

CodeCache: size=245760Kb used=12704Kb max_used=12704Kb free=233055Kb
 bounds [0x0000000011080000, 0x0000000011cf0000, 0x0000000020080000]
 total_blobs=6906 nmethods=6345 adapters=472
 compilation: enabled

Compilation events (10 events):
Event: 153.093 Thread 0x0000000008c73000 nmethod 6444 0x0000000011ce6dd0 code [0x0000000011ce6f20, 0x0000000011ce7030]
Event: 153.094 Thread 0x0000000008c73000 6445       1       io.netty.channel.nio.AbstractNioChannel::javaChannel (5 bytes)
Event: 153.095 Thread 0x0000000008c73000 nmethod 6445 0x0000000011ce7090 code [0x0000000011ce71e0, 0x0000000011ce72f0]
Event: 153.095 Thread 0x0000000008c73000 6446       1       java.util.concurrent.ConcurrentHashMap$MapEntry::getValue (5 bytes)
Event: 153.095 Thread 0x0000000008c73000 nmethod 6446 0x0000000011ce7350 code [0x0000000011ce74a0, 0x0000000011ce75b0]
Event: 153.383 Thread 0x0000000008c73000 6447  s    1       sun.net.www.protocol.http.HttpURLConnection::addRequestProperty (78 bytes)
Event: 153.384 Thread 0x0000000008c73000 nmethod 6447 0x0000000011ce7610 code [0x0000000011ce7820, 0x0000000011ce82e8]
Event: 153.403 Thread 0x0000000008c73000 6448  s!   1       sun.net.www.protocol.http.HttpURLConnection::getInputStream (56 bytes)
Event: 153.403 Thread 0x0000000008c73000 nmethod 6448 0x0000000011ce8e10 code [0x0000000011ce8fc0, 0x0000000011ce9518]
Event: 153.403 Thread 0x0000000008c73000 6449  s!   1       sun.net.www.protocol.http.HttpURLConnection::getInputStream0 (2023 bytes)

GC Heap History (10 events):
Event: 80.807 GC heap before
{Heap before GC invocations=16 (full 2):
 PSYoungGen      total 264704K, used 264695K [0x00000000eb300000, 0x00000000ff080000, 0x0000000100000000)
  eden space 252416K, 100% used [0x00000000eb300000,0x00000000fa980000,0x00000000fa980000)
  from space 12288K, 99% used [0x00000000fa980000,0x00000000fb57dcd0,0x00000000fb580000)
  to   space 14336K, 0% used [0x00000000fe280000,0x00000000fe280000,0x00000000ff080000)
 ParOldGen       total 60416K, used 19818K [0x00000000c1800000, 0x00000000c5300000, 0x00000000eb300000)
  object space 60416K, 32% used [0x00000000c1800000,0x00000000c2b5ab20,0x00000000c5300000)
 Metaspace       used 43619K, capacity 45448K, committed 45568K, reserved 1089536K
  class space    used 5739K, capacity 6100K, committed 6144K, reserved 1048576K
Event: 81.040 GC heap after
Heap after GC invocations=16 (full 2):
 PSYoungGen      total 310784K, used 8406K [0x00000000eb300000, 0x00000000ff680000, 0x0000000100000000)
  eden space 296448K, 0% used [0x00000000eb300000,0x00000000eb300000,0x00000000fd480000)
  from space 14336K, 58% used [0x00000000fe280000,0x00000000feab5a90,0x00000000ff080000)
  to   space 14336K, 0% used [0x00000000fd480000,0x00000000fd480000,0x00000000fe280000)
 ParOldGen       total 60416K, used 28896K [0x00000000c1800000, 0x00000000c5300000, 0x00000000eb300000)
  object space 60416K, 47% used [0x00000000c1800000,0x00000000c34382f8,0x00000000c5300000)
 Metaspace       used 43619K, capacity 45448K, committed 45568K, reserved 1089536K
  class space    used 5739K, capacity 6100K, committed 6144K, reserved 1048576K
}
Event: 96.482 GC heap before
{Heap before GC invocations=17 (full 2):
 PSYoungGen      total 310784K, used 304854K [0x00000000eb300000, 0x00000000ff680000, 0x0000000100000000)
  eden space 296448K, 100% used [0x00000000eb300000,0x00000000fd480000,0x00000000fd480000)
  from space 14336K, 58% used [0x00000000fe280000,0x00000000feab5a90,0x00000000ff080000)
  to   space 14336K, 0% used [0x00000000fd480000,0x00000000fd480000,0x00000000fe280000)
 ParOldGen       total 60416K, used 28896K [0x00000000c1800000, 0x00000000c5300000, 0x00000000eb300000)
  object space 60416K, 47% used [0x00000000c1800000,0x00000000c34382f8,0x00000000c5300000)
 Metaspace       used 48470K, capacity 50622K, committed 50816K, reserved 1093632K
  class space    used 6386K, capacity 6780K, committed 6784K, reserved 1048576K
Event: 96.637 GC heap after
Heap after GC invocations=17 (full 2):
 PSYoungGen      total 310784K, used 14306K [0x00000000eb300000, 0x0000000100000000, 0x0000000100000000)
  eden space 296448K, 0% used [0x00000000eb300000,0x00000000eb300000,0x00000000fd480000)
  from space 14336K, 99% used [0x00000000fd480000,0x00000000fe278a80,0x00000000fe280000)
  to   space 16384K, 0% used [0x00000000ff000000,0x00000000ff000000,0x0000000100000000)
 ParOldGen       total 60416K, used 29169K [0x00000000c1800000, 0x00000000c5300000, 0x00000000eb300000)
  object space 60416K, 48% used [0x00000000c1800000,0x00000000c347c6b0,0x00000000c5300000)
 Metaspace       used 48470K, capacity 50622K, committed 50816K, reserved 1093632K
  class space    used 6386K, capacity 6780K, committed 6784K, reserved 1048576K
}
Event: 112.758 GC heap before
{Heap before GC invocations=18 (full 2):
 PSYoungGen      total 310784K, used 310754K [0x00000000eb300000, 0x0000000100000000, 0x0000000100000000)
  eden space 296448K, 100% used [0x00000000eb300000,0x00000000fd480000,0x00000000fd480000)
  from space 14336K, 99% used [0x00000000fd480000,0x00000000fe278a80,0x00000000fe280000)
  to   space 16384K, 0% used [0x00000000ff000000,0x00000000ff000000,0x0000000100000000)
 ParOldGen       total 60416K, used 29169K [0x00000000c1800000, 0x00000000c5300000, 0x00000000eb300000)
  object space 60416K, 48% used [0x00000000c1800000,0x00000000c347c6b0,0x00000000c5300000)
 Metaspace       used 53265K, capacity 55888K, committed 56192K, reserved 1097728K
  class space    used 6996K, capacity 7453K, committed 7552K, reserved 1048576K
Event: 112.933 GC heap after
Heap after GC invocations=18 (full 2):
 PSYoungGen      total 323584K, used 10850K [0x00000000eb300000, 0x0000000100000000, 0x0000000100000000)
  eden space 307200K, 0% used [0x00000000eb300000,0x00000000eb300000,0x00000000fdf00000)
  from space 16384K, 66% used [0x00000000ff000000,0x00000000ffa98818,0x0000000100000000)
  to   space 16896K, 0% used [0x00000000fdf00000,0x00000000fdf00000,0x00000000fef80000)
 ParOldGen       total 60416K, used 40006K [0x00000000c1800000, 0x00000000c5300000, 0x00000000eb300000)
  object space 60416K, 66% used [0x00000000c1800000,0x00000000c3f11bc8,0x00000000c5300000)
 Metaspace       used 53265K, capacity 55888K, committed 56192K, reserved 1097728K
  class space    used 6996K, capacity 7453K, committed 7552K, reserved 1048576K
}
Event: 130.520 GC heap before
{Heap before GC invocations=19 (full 2):
 PSYoungGen      total 323584K, used 93058K [0x00000000eb300000, 0x0000000100000000, 0x0000000100000000)
  eden space 307200K, 26% used [0x00000000eb300000,0x00000000f0348020,0x00000000fdf00000)
  from space 16384K, 66% used [0x00000000ff000000,0x00000000ffa98818,0x0000000100000000)
  to   space 16896K, 0% used [0x00000000fdf00000,0x00000000fdf00000,0x00000000fef80000)
 ParOldGen       total 60416K, used 40006K [0x00000000c1800000, 0x00000000c5300000, 0x00000000eb300000)
  object space 60416K, 66% used [0x00000000c1800000,0x00000000c3f11bc8,0x00000000c5300000)
 Metaspace       used 56273K, capacity 59015K, committed 59096K, reserved 1101824K
  class space    used 7402K, capacity 7887K, committed 7936K, reserved 1048576K
Event: 130.691 GC heap after
Heap after GC invocations=19 (full 2):
 PSYoungGen      total 318464K, used 11021K [0x00000000eb300000, 0x0000000100000000, 0x0000000100000000)
  eden space 307200K, 0% used [0x00000000eb300000,0x00000000eb300000,0x00000000fdf00000)
  from space 11264K, 97% used [0x00000000fdf00000,0x00000000fe9c35f8,0x00000000fea00000)
  to   space 17408K, 0% used [0x00000000fef00000,0x00000000fef00000,0x0000000100000000)
 ParOldGen       total 60416K, used 40014K [0x00000000c1800000, 0x00000000c5300000, 0x00000000eb300000)
  object space 60416K, 66% used [0x00000000c1800000,0x00000000c3f13bc8,0x00000000c5300000)
 Metaspace       used 56273K, capacity 59015K, committed 59096K, reserved 1101824K
  class space    used 7402K, capacity 7887K, committed 7936K, reserved 1048576K
}
Event: 130.692 GC heap before
{Heap before GC invocations=20 (full 3):
 PSYoungGen      total 318464K, used 11021K [0x00000000eb300000, 0x0000000100000000, 0x0000000100000000)
  eden space 307200K, 0% used [0x00000000eb300000,0x00000000eb300000,0x00000000fdf00000)
  from space 11264K, 97% used [0x00000000fdf00000,0x00000000fe9c35f8,0x00000000fea00000)
  to   space 17408K, 0% used [0x00000000fef00000,0x00000000fef00000,0x0000000100000000)
 ParOldGen       total 60416K, used 40014K [0x00000000c1800000, 0x00000000c5300000, 0x00000000eb300000)
  object space 60416K, 66% used [0x00000000c1800000,0x00000000c3f13bc8,0x00000000c5300000)
 Metaspace       used 56273K, capacity 59015K, committed 59096K, reserved 1101824K
  class space    used 7402K, capacity 7887K, committed 7936K, reserved 1048576K
Event: 133.176 GC heap after
Heap after GC invocations=20 (full 3):
 PSYoungGen      total 318464K, used 0K [0x00000000eb300000, 0x0000000100000000, 0x0000000100000000)
  eden space 307200K, 0% used [0x00000000eb300000,0x00000000eb300000,0x00000000fdf00000)
  from space 11264K, 0% used [0x00000000fdf00000,0x00000000fdf00000,0x00000000fea00000)
  to   space 17408K, 0% used [0x00000000fef00000,0x00000000fef00000,0x0000000100000000)
 ParOldGen       total 60416K, used 47177K [0x00000000c1800000, 0x00000000c5300000, 0x00000000eb300000)
  object space 60416K, 78% used [0x00000000c1800000,0x00000000c4612628,0x00000000c5300000)
 Metaspace       used 56273K, capacity 59015K, committed 59096K, reserved 1101824K
  class space    used 7402K, capacity 7887K, committed 7936K, reserved 1048576K
}

Deoptimization events (0 events):
No events

Internal exceptions (10 events):
Event: 133.345 Thread 0x000000000d711800 Exception <a 'java/lang/OutOfMemoryError'> (0x00000000ebfdb640) thrown at [C:\re\workspace\8-2-build-windows-amd64-cygwin\jdk8u131\8869\hotspot\src\share\vm\prims\unsafe.cpp, line 634]
Event: 133.345 Thread 0x000000000d711800 Exception <a 'java/lang/OutOfMemoryError'> (0x00000000ebfdb640) thrown at [C:\re\workspace\8-2-build-windows-amd64-cygwin\jdk8u131\8869\hotspot\src\share\vm\prims\jni.cpp, line 709]
Event: 134.313 Thread 0x0000000009edf000 Exception <a 'java/io/FileNotFoundException'> (0x00000000ec213fd0) thrown at [C:\re\workspace\8-2-build-windows-amd64-cygwin\jdk8u131\8869\hotspot\src\share\vm\prims\jni.cpp, line 709]
Event: 134.313 Thread 0x0000000009edf000 Exception <a 'java/io/FileNotFoundException'> (0x00000000ec2145a8) thrown at [C:\re\workspace\8-2-build-windows-amd64-cygwin\jdk8u131\8869\hotspot\src\share\vm\prims\jni.cpp, line 709]
Event: 144.321 Thread 0x0000000009edf000 Exception <a 'java/io/FileNotFoundException'> (0x00000000ec21e318) thrown at [C:\re\workspace\8-2-build-windows-amd64-cygwin\jdk8u131\8869\hotspot\src\share\vm\prims\jni.cpp, line 709]
Event: 144.321 Thread 0x0000000009edf000 Exception <a 'java/io/FileNotFoundException'> (0x00000000ec21e8f0) thrown at [C:\re\workspace\8-2-build-windows-amd64-cygwin\jdk8u131\8869\hotspot\src\share\vm\prims\jni.cpp, line 709]
Event: 149.016 Thread 0x000000000d99e000 Exception <a 'java/lang/OutOfMemoryError'> (0x00000000ed074db0) thrown at [C:\re\workspace\8-2-build-windows-amd64-cygwin\jdk8u131\8869\hotspot\src\share\vm\prims\unsafe.cpp, line 634]
Event: 149.016 Thread 0x000000000d99e000 Exception <a 'java/lang/OutOfMemoryError'> (0x00000000ed074db0) thrown at [C:\re\workspace\8-2-build-windows-amd64-cygwin\jdk8u131\8869\hotspot\src\share\vm\prims\jni.cpp, line 709]
Event: 149.034 Thread 0x000000000d99e000 Exception <a 'java/lang/OutOfMemoryError'> (0x00000000ed08bcc0) thrown at [C:\re\workspace\8-2-build-windows-amd64-cygwin\jdk8u131\8869\hotspot\src\share\vm\prims\unsafe.cpp, line 634]
Event: 149.034 Thread 0x000000000d99e000 Exception <a 'java/lang/OutOfMemoryError'> (0x00000000ed08bcc0) thrown at [C:\re\workspace\8-2-build-windows-amd64-cygwin\jdk8u131\8869\hotspot\src\share\vm\prims\jni.cpp, line 709]

Events (10 events):
Event: 149.049 Thread 0x0000000008c73000 flushing nmethod 0x00000000118b4590
Event: 149.274 Thread 0x0000000008c73000 flushing nmethod 0x0000000011a00950
Event: 153.067 Thread 0x000000000d99c800 Thread added: 0x000000000d99c800
Event: 153.092 Executing VM operation: RevokeBias
Event: 153.092 Executing VM operation: RevokeBias done
Event: 153.092 Executing VM operation: RevokeBias
Event: 153.093 Executing VM operation: RevokeBias done
Event: 153.093 Executing VM operation: RevokeBias
Event: 153.093 Executing VM operation: RevokeBias done
Event: 153.094 Thread 0x000000000d9a0800 Thread added: 0x000000000d9a0800


Dynamic libraries:
0x00007ff785cf0000 - 0x00007ff785d27000 	D:\JDK1.8.0_131\bin\java.exe
0x00007ffa9ff30000 - 0x00007ffaa0128000 	C:\WINDOWS\SYSTEM32\ntdll.dll
0x00007ffa9f9a0000 - 0x00007ffa9fa5f000 	C:\WINDOWS\System32\KERNEL32.DLL
0x00007ffa9dad0000 - 0x00007ffa9dda2000 	C:\WINDOWS\System32\KERNELBASE.dll
0x00007ffa9fd90000 - 0x00007ffa9fe3e000 	C:\WINDOWS\System32\ADVAPI32.dll
0x00007ffa9f900000 - 0x00007ffa9f99e000 	C:\WINDOWS\System32\msvcrt.dll
0x00007ffa9e600000 - 0x00007ffa9e69c000 	C:\WINDOWS\System32\sechost.dll
0x00007ffa9f620000 - 0x00007ffa9f745000 	C:\WINDOWS\System32\RPCRT4.dll
0x00007ffa9f750000 - 0x00007ffa9f8f1000 	C:\WINDOWS\System32\USER32.dll
0x00007ffa9d620000 - 0x00007ffa9d642000 	C:\WINDOWS\System32\win32u.dll
0x00007ffa9e490000 - 0x00007ffa9e4bb000 	C:\WINDOWS\System32\GDI32.dll
0x00007ffa9d650000 - 0x00007ffa9d75f000 	C:\WINDOWS\System32\gdi32full.dll
0x00007ffa9d760000 - 0x00007ffa9d7fd000 	C:\WINDOWS\System32\msvcp_win.dll
0x00007ffa9ddb0000 - 0x00007ffa9deb0000 	C:\WINDOWS\System32\ucrtbase.dll
0x00007ffa89700000 - 0x00007ffa8999a000 	C:\WINDOWS\WinSxS\amd64_microsoft.windows.common-controls_6595b64144ccf1df_6.0.19041.1110_none_60b5254171f9507e\COMCTL32.dll
0x00007ffa9df80000 - 0x00007ffa9dfb2000 	C:\WINDOWS\System32\IMM32.DLL
0x0000000053860000 - 0x000000005386c000 	C:\Program Files (x86)\360\360Safe\safemon\SafeWrapper.dll
0x00007ffa8d550000 - 0x00007ffa8d5f1000 	C:\Program Files (x86)\360\360Safe\safemon\libzdtp64.dll
0x00007ffa9e6a0000 - 0x00007ffa9ede4000 	C:\WINDOWS\System32\SHELL32.dll
0x00007ffa9f310000 - 0x00007ffa9f365000 	C:\WINDOWS\System32\SHLWAPI.dll
0x00007ffa9d0c0000 - 0x00007ffa9d0ca000 	C:\WINDOWS\SYSTEM32\VERSION.dll
0x0000000051950000 - 0x0000000051a22000 	D:\JDK1.8.0_131\jre\bin\msvcr100.dll
0x00000000510b0000 - 0x000000005194c000 	D:\JDK1.8.0_131\jre\bin\server\jvm.dll
0x00007ffa9f610000 - 0x00007ffa9f618000 	C:\WINDOWS\System32\PSAPI.DLL
0x00007ffa980f0000 - 0x00007ffa980f9000 	C:\WINDOWS\SYSTEM32\WSOCK32.dll
0x00007ffa9f5a0000 - 0x00007ffa9f60b000 	C:\WINDOWS\System32\WS2_32.dll
0x00007ffa8c590000 - 0x00007ffa8c5b7000 	C:\WINDOWS\SYSTEM32\WINMM.dll
0x0000000052100000 - 0x000000005210f000 	D:\JDK1.8.0_131\jre\bin\verify.dll
0x0000000051080000 - 0x00000000510a9000 	D:\JDK1.8.0_131\jre\bin\java.dll
0x0000000051df0000 - 0x0000000051e13000 	D:\JDK1.8.0_131\jre\bin\instrument.dll
0x0000000051060000 - 0x0000000051076000 	D:\JDK1.8.0_131\jre\bin\zip.dll
0x00007ffa9a830000 - 0x00007ffa9afc2000 	C:\WINDOWS\SYSTEM32\windows.storage.dll
0x00007ffa9edf0000 - 0x00007ffa9f145000 	C:\WINDOWS\System32\combase.dll
0x00007ffa9d010000 - 0x00007ffa9d040000 	C:\WINDOWS\SYSTEM32\Wldp.dll
0x00007ffa9fc10000 - 0x00007ffa9fcbd000 	C:\WINDOWS\System32\SHCORE.dll
0x00007ffa9d560000 - 0x00007ffa9d57f000 	C:\WINDOWS\SYSTEM32\profapi.dll
0x00007ffa7c870000 - 0x00007ffa7c88a000 	D:\IdeaIU-2019_x64\IntelliJ IDEA 2019.3.3\bin\breakgen64.dll
0x0000000051040000 - 0x000000005105a000 	D:\JDK1.8.0_131\jre\bin\net.dll
0x00007ffa9cd70000 - 0x00007ffa9cdda000 	C:\WINDOWS\system32\mswsock.dll
0x00007ffa80140000 - 0x00007ffa8018b000 	C:\Program Files (x86)\Sangfor\SSL\ClientComponent2\SangforNspX64.dll
0x00007ffa9e4d0000 - 0x00007ffa9e5fa000 	C:\WINDOWS\System32\ole32.dll
0x00007ffa9fcc0000 - 0x00007ffa9fd8d000 	C:\WINDOWS\System32\OLEAUT32.dll
0x00007ffa9ca50000 - 0x00007ffa9cb1a000 	C:\WINDOWS\SYSTEM32\DNSAPI.dll
0x00007ffa9ca10000 - 0x00007ffa9ca4b000 	C:\WINDOWS\SYSTEM32\IPHLPAPI.DLL
0x00007ffa9df70000 - 0x00007ffa9df78000 	C:\WINDOWS\System32\NSI.dll
0x00007ffa80340000 - 0x00007ffa8034a000 	C:\Windows\System32\rasadhlp.dll
0x00007ffa8e750000 - 0x00007ffa8e7d0000 	C:\WINDOWS\System32\fwpuclnt.dll
0x00007ffa9d940000 - 0x00007ffa9d967000 	C:\WINDOWS\System32\bcrypt.dll
0x0000000051e20000 - 0x0000000051e2d000 	D:\JDK1.8.0_131\jre\bin\management.dll
0x0000000051020000 - 0x0000000051031000 	D:\JDK1.8.0_131\jre\bin\nio.dll
0x00007ffa9cf60000 - 0x00007ffa9cf78000 	C:\WINDOWS\SYSTEM32\CRYPTSP.dll
0x00007ffa9c620000 - 0x00007ffa9c654000 	C:\WINDOWS\system32\rsaenh.dll
0x00007ffa9d520000 - 0x00007ffa9d54e000 	C:\WINDOWS\SYSTEM32\USERENV.dll
0x00007ffa9d8b0000 - 0x00007ffa9d932000 	C:\WINDOWS\System32\bcryptprimitives.dll
0x00007ffa9cf80000 - 0x00007ffa9cf8c000 	C:\WINDOWS\SYSTEM32\CRYPTBASE.dll
0x00007ffa8df70000 - 0x00007ffa8df87000 	C:\WINDOWS\SYSTEM32\dhcpcsvc6.DLL
0x00007ffa8df50000 - 0x00007ffa8df6d000 	C:\WINDOWS\SYSTEM32\dhcpcsvc.DLL
0x00007ffa98ab0000 - 0x00007ffa98acd000 	C:\WINDOWS\system32\NLAapi.dll
0x00007ffa80350000 - 0x00007ffa80367000 	C:\WINDOWS\system32\napinsp.dll
0x00007ffa80120000 - 0x00007ffa8013b000 	C:\WINDOWS\system32\pnrpnsp.dll
0x00007ffa80100000 - 0x00007ffa80112000 	C:\WINDOWS\System32\winrnr.dll
0x00007ffa800e0000 - 0x00007ffa800f5000 	C:\WINDOWS\system32\wshbth.dll

VM Arguments:
jvm_args: -XX:TieredStopAtLevel=1 -Xverify:none -Dspring.output.ansi.enabled=always -Dcom.sun.management.jmxremote -Dspring.jmx.enabled=true -Dspring.liveBeansView.mbeanDomain -Dspring.application.admin.enabled=true -javaagent:D:\IdeaIU-2019_x64\IntelliJ IDEA 2019.3.3\lib\idea_rt.jar=6345:D:\IdeaIU-2019_x64\IntelliJ IDEA 2019.3.3\bin -Dfile.encoding=UTF-8 
java_command: com.shanjupay.merchant.MerchantBootstrap
java_class_path (initial): D:\JDK1.8.0_131\jre\lib\charsets.jar;D:\JDK1.8.0_131\jre\lib\deploy.jar;D:\JDK1.8.0_131\jre\lib\ext\access-bridge-64.jar;D:\JDK1.8.0_131\jre\lib\ext\cldrdata.jar;D:\JDK1.8.0_131\jre\lib\ext\dnsns.jar;D:\JDK1.8.0_131\jre\lib\ext\jaccess.jar;D:\JDK1.8.0_131\jre\lib\ext\jfxrt.jar;D:\JDK1.8.0_131\jre\lib\ext\localedata.jar;D:\JDK1.8.0_131\jre\lib\ext\nashorn.jar;D:\JDK1.8.0_131\jre\lib\ext\sunec.jar;D:\JDK1.8.0_131\jre\lib\ext\sunjce_provider.jar;D:\JDK1.8.0_131\jre\lib\ext\sunmscapi.jar;D:\JDK1.8.0_131\jre\lib\ext\sunpkcs11.jar;D:\JDK1.8.0_131\jre\lib\ext\zipfs.jar;D:\JDK1.8.0_131\jre\lib\javaws.jar;D:\JDK1.8.0_131\jre\lib\jce.jar;D:\JDK1.8.0_131\jre\lib\jfr.jar;D:\JDK1.8.0_131\jre\lib\jfxswt.jar;D:\JDK1.8.0_131\jre\lib\jsse.jar;D:\JDK1.8.0_131\jre\lib\management-agent.jar;D:\JDK1.8.0_131\jre\lib\plugin.jar;D:\JDK1.8.0_131\jre\lib\resources.jar;D:\JDK1.8.0_131\jre\lib\rt.jar;D:\IdeaIU-2019_x64\IDEA_Projects\heima\Pay_Project\shanjupay\shanjupay-merchant\shanjupay-merchant-service\target\classes;D:\IdeaIU-2019_x64\IDEA_Projects\heima\Pay_Project\shanjupay\shanjupay-merchant\shanjupay-merchant-api\target\classes;D:\IdeaIU-2019_x64\IDEA_Projects\heima\Pay_Project\shanjupay\shanjupay-common\target\classes;D:\JAVA_Structures\Maven\maven_3.6.3_repository\com\alibaba\fastjson\1.2.47\fastjson-1.2.47.jar;D:\JAVA_Structures\Maven\maven_3.6.3_repository\commons-lang\commons-lang\2.6\commons-lang-2.6.jar;D:\JAVA_Structures\Maven\maven_3.6.3_repository\io\springfox\springfox-swagger2\2.9.2\springfox-swagger2-2.9.2.jar;D:\JAVA_Structures\Maven\maven_3.6.3_repository\io\swagger\swagger-annotations\1.5.20\swagger-annotations-1.5.20.jar;D:\JAVA_Structures\Maven\maven_3.6.3_repository\io\swagger\swagger-models\1.5.20\swagger-models-1.5.20.jar;D:\JAVA_Structures\Maven\maven_3.6.3_repository\io\springfox\springfox-spi\2.9.2\springfox-spi-2.9.2.jar;D:\JAVA_Structures\Maven\maven_3.6.3_repository\io\springfox\springfox-core\2.9.2\springfox-core-2.9.2.jar;D:\JAVA
Launcher Type: SUN_STANDARD

Environment Variables:
JAVA_HOME=D:\JDK1.8.0_131
PATH=D:\JDK1.8.0_131\bin;D:\MySQL8.0.26\bin;C:\Program Files\NVIDIA GPU Computing Toolkit\CUDA\v11.1\bin;C:\Program Files\NVIDIA GPU Computing Toolkit\CUDA\v11.1\libnvvp;D:\Anaconda;D:\Anaconda\Library\mingw-w64\bin;D:\Anaconda\Library\usr\bin;D:\Anaconda\Library\bin;D:\Anaconda\Scripts;C:\WINDOWS\system32;C:\WINDOWS;C:\WINDOWS\System32\Wbem;C:\WINDOWS\System32\WindowsPowerShell\v1.0\;C:\WINDOWS\System32\OpenSSH\;C:\Program Files\NVIDIA Corporation\Nsight Compute 2020.2.1\;C:\Program Files (x86)\NVIDIA Corporation\PhysX\Common;C:\Program Files\NVIDIA Corporation\NVIDIA NvDLISR;C:\Program Files\NVIDIA Corporation\NVSMI;C:\Program Files (x86)\Graphviz2.38\bin;D:\Matlab 2018b 64bit\Matlab 2018b\runtime\win64;D:\Matlab 2018b 64bit\Matlab 2018b\bin;D:\Git\cmd;C:\Program Files (x86)\Windows Kits\10\Windows Performance Toolkit\;C:\Program Files\dotnet\;C:\Program Files (x86)\ZED SDK\dependencies\freeglut_2.8\x64;C:\Program Files (x86)\ZED SDK\dependencies\glew-1.12.0\x64;C:\Program Files (x86)\ZED SDK\dependencies\opencv_3.1.0\x64;C:\Program Files (x86)\ZED SDK\bin;D:\JAVA_Structures\Maven\apache-maven-3.6.3\bin;D:\A-Software\Latex-2021\texlive\2021\bin\win32;D:\program\xshell7\;D:\program\xftp7\;D:\JAVA_Structures\nodejs\;D:\JAVA_Structures\Yarn\bin\;D:\IdeaIU-2019_x64\IDEA_Projects\heima\Pay_Project\other-modules\shanjupay-web\project-juhezhifu-admin-vue\node_modules\.bin;D:\Microsoft VS Code\\Scripts\;D:\Microsoft VS Code\\;C:\Users\admin\AppData\Local\Microsoft\WindowsApps;D:\Python\PyCharm Community Edition 2021.2.2\bin;;D:\Microsoft VS Code\bin;D:\IdeaIU-2019_x64\IntelliJ IDEA 2019.3.3\bin;;C:\Users\admin\AppData\Roaming\npm;C:\Users\admin\AppData\Local\Yarn\bin
USERNAME=admin
OS=Windows_NT
PROCESSOR_IDENTIFIER=Intel64 Family 6 Model 142 Stepping 9, GenuineIntel



---------------  S Y S T E M  ---------------

OS: Windows 10.0 , 64 bit Build 19041 (10.0.19041.2364)

CPU:total 4 (initial active 4) (2 cores per cpu, 2 threads per core) family 6 model 142 stepping 9, cmov, cx8, fxsr, mmx, sse, sse2, sse3, ssse3, sse4.1, sse4.2, popcnt, avx, avx2, aes, clmul, erms, 3dnowpref, lzcnt, ht, tsc, tscinvbit, bmi1, bmi2, adx

Memory: 4k page, physical 4094968k(484680k free), swap 16677880k(472k free)

vm_info: Java HotSpot(TM) 64-Bit Server VM (25.131-b11) for windows-amd64 JRE (1.8.0_131-b11), built on Mar 15 2017 01:23:53 by "java_re" with MS VC++ 10.0 (VS2010)

time: Mon Feb 06 20:15:39 2023
elapsed time: 153 seconds (0d 0h 2m 33s)

