#
# There is insufficient memory for the Java Runtime Environment to continue.
# Native memory allocation (malloc) failed to allocate 32744 bytes for ChunkPool::allocate
# Possible reasons:
#   The system is out of physical RAM or swap space
#   In 32 bit mode, the process size limit was hit
# Possible solutions:
#   Reduce memory load on the system
#   Increase physical memory or swap space
#   Check if swap backing store is full
#   Use 64 bit Java on a 64 bit OS
#   Decrease Java heap size (-Xmx/-Xms)
#   Decrease number of Java threads
#   Decrease Java thread stack sizes (-Xss)
#   Set larger code cache with -XX:ReservedCodeCacheSize=
# This output file may be truncated or incomplete.
#
#  Out of Memory Error (allocation.cpp:273), pid=20648, tid=0x0000000000005d8c
#
# JRE version: Java(TM) SE Runtime Environment (8.0_131-b11) (build 1.8.0_131-b11)
# Java VM: Java HotSpot(TM) 64-Bit Server VM (25.131-b11 mixed mode windows-amd64 compressed oops)
# Failed to write core dump. Minidumps are not enabled by default on client versions of Windows
#

---------------  T H R E A D  ---------------

Current thread (0x00000000085d1800):  JavaThread "C1 CompilerThread2" daemon [_thread_in_native, id=23948, stack(0x0000000008bc0000,0x0000000008cc0000)]

Stack: [0x0000000008bc0000,0x0000000008cc0000]
[error occurred during error reporting (printing stack bounds), id 0xc0000005]

Native frames: (J=compiled Java code, j=interpreted, Vv=VM code, C=native code)


Current CompileTask:
C1: 182244 7822  s!   1       sun.net.www.protocol.http.HttpURLConnection::getOutputStream0 (352 bytes)


---------------  P R O C E S S  ---------------

Java Threads: ( => current thread )
  0x000000000d308800 JavaThread "com.alibaba.nacos.client.Worker.longPolling.fixed-127.0.0.1_8848-f19d89a0-9ff1-4ff6-a488-036b95f90791" daemon [_thread_blocked, id=26816, stack(0x00000000243d0000,0x00000000244d0000)]
  0x000000000d30b800 JavaThread "Keep-Alive-Timer" daemon [_thread_blocked, id=22568, stack(0x0000000010030000,0x0000000010130000)]
  0x000000000d304000 JavaThread "DubboServerHandler-192.168.142.1:20893-thread-6" daemon [_thread_blocked, id=25460, stack(0x00000000288c0000,0x00000000289c0000)]
  0x000000000d30a800 JavaThread "lettuce-eventExecutorLoop-1-3" daemon [_thread_blocked, id=26148, stack(0x00000000287c0000,0x00000000288c0000)]
  0x000000000d25d800 JavaThread "elastic-evictor-1" daemon [_thread_blocked, id=18660, stack(0x00000000286c0000,0x00000000287c0000)]
  0x000000000d178000 JavaThread "DubboServerHandler-192.168.142.1:20893-thread-5" daemon [_thread_blocked, id=18228, stack(0x00000000285c0000,0x00000000286c0000)]
  0x000000000d177000 JavaThread "SimplePauseDetectorThread_2" daemon [_thread_blocked, id=22664, stack(0x00000000284c0000,0x00000000285c0000)]
  0x000000000d176800 JavaThread "SimplePauseDetectorThread_1" daemon [_thread_blocked, id=25532, stack(0x00000000283c0000,0x00000000284c0000)]
  0x000000000d179800 JavaThread "SimplePauseDetectorThread_0" daemon [_thread_blocked, id=27224, stack(0x00000000282c0000,0x00000000283c0000)]
  0x000000000d178800 JavaThread "Thread-252" daemon [_thread_blocked, id=25208, stack(0x00000000281c0000,0x00000000282c0000)]
  0x000000000d175800 JavaThread "lettuce-eventExecutorLoop-1-2" daemon [_thread_blocked, id=17376, stack(0x00000000280c0000,0x00000000281c0000)]
  0x000000000d172800 JavaThread "lettuce-nioEventLoop-7-1" daemon [_thread_in_native, id=27144, stack(0x0000000026db0000,0x0000000026eb0000)]
  0x000000000d16f800 JavaThread "DubboServerHandler-192.168.142.1:20893-thread-4" daemon [_thread_blocked, id=24164, stack(0x0000000025ce0000,0x0000000025de0000)]
  0x000000000d175000 JavaThread "DubboServerHandler-192.168.142.1:20893-thread-3" daemon [_thread_blocked, id=25452, stack(0x0000000025be0000,0x0000000025ce0000)]
  0x000000000d173800 JavaThread "DubboServerHandler-192.168.142.1:20893-thread-2" daemon [_thread_blocked, id=25560, stack(0x0000000025ae0000,0x0000000025be0000)]
  0x000000000d172000 JavaThread "DubboServerHandler-192.168.142.1:20893-thread-1" daemon [_thread_blocked, id=27600, stack(0x00000000249d0000,0x0000000024ad0000)]
  0x000000000d16a800 JavaThread "NettyServerWorker-6-1" daemon [_thread_in_native, id=23844, stack(0x00000000244d0000,0x00000000245d0000)]
  0x000000000d174000 JavaThread "RMI TCP Connection(5)-192.168.142.1" daemon [_thread_in_native, id=20644, stack(0x00000000242d0000,0x00000000243d0000)]
  0x000000000d16e000 JavaThread "com.alibaba.nacos.client.Worker.longPolling.fixed-127.0.0.1_8848-f19d89a0-9ff1-4ff6-a488-036b95f90791" daemon [_thread_blocked, id=22216, stack(0x00000000240d0000,0x00000000241d0000)]
  0x000000000d171000 JavaThread "DestroyJavaVM" [_thread_blocked, id=19252, stack(0x0000000002e40000,0x0000000002f40000)]
  0x000000000d170800 JavaThread "com.alibaba.nacos.client.Worker.longPolling.fixed-127.0.0.1_8848-f19d89a0-9ff1-4ff6-a488-036b95f90791" daemon [_thread_in_native, id=26820, stack(0x0000000023fd0000,0x00000000240d0000)]
  0x000000000d16c000 JavaThread "com.alibaba.nacos.naming.beat.sender" daemon [_thread_blocked, id=26832, stack(0x0000000023ed0000,0x0000000023fd0000)]
  0x000000000d16b000 JavaThread "com.alibaba.nacos.naming.beat.sender" daemon [_thread_blocked, id=5248, stack(0x0000000023dd0000,0x0000000023ed0000)]
  0x000000000d16c800 JavaThread "http-nio-56050-Acceptor-0" daemon [_thread_in_native, id=25640, stack(0x0000000023cd0000,0x0000000023dd0000)]
  0x000000000c87b000 JavaThread "http-nio-56050-ClientPoller-1" daemon [_thread_in_native, id=18452, stack(0x0000000023bd0000,0x0000000023cd0000)]
  0x000000000d26a000 JavaThread "http-nio-56050-ClientPoller-0" daemon [_thread_in_native, id=19836, stack(0x0000000023ad0000,0x0000000023bd0000)]
  0x000000000d269800 JavaThread "http-nio-56050-exec-10" daemon [_thread_blocked, id=26396, stack(0x00000000239d0000,0x0000000023ad0000)]
  0x000000000d268800 JavaThread "http-nio-56050-exec-9" daemon [_thread_blocked, id=19236, stack(0x00000000238d0000,0x00000000239d0000)]
  0x000000000d26b000 JavaThread "http-nio-56050-exec-8" daemon [_thread_blocked, id=25240, stack(0x00000000237d0000,0x00000000238d0000)]
  0x000000000d268000 JavaThread "http-nio-56050-exec-7" daemon [_thread_blocked, id=10924, stack(0x00000000236d0000,0x00000000237d0000)]
  0x000000000d260800 JavaThread "http-nio-56050-exec-6" daemon [_thread_blocked, id=21724, stack(0x00000000235d0000,0x00000000236d0000)]
  0x000000000d265800 JavaThread "http-nio-56050-exec-5" daemon [_thread_blocked, id=3488, stack(0x00000000234d0000,0x00000000235d0000)]
  0x000000000d261000 JavaThread "http-nio-56050-exec-4" daemon [_thread_blocked, id=6944, stack(0x00000000233d0000,0x00000000234d0000)]
  0x000000000d267000 JavaThread "http-nio-56050-exec-3" daemon [_thread_blocked, id=27572, stack(0x00000000232d0000,0x00000000233d0000)]
  0x000000000d265000 JavaThread "http-nio-56050-exec-2" daemon [_thread_blocked, id=25956, stack(0x00000000231d0000,0x00000000232d0000)]
  0x000000000d263800 JavaThread "http-nio-56050-exec-1" daemon [_thread_blocked, id=25684, stack(0x00000000230d0000,0x00000000231d0000)]
  0x000000000d266800 JavaThread "NioBlockingSelector.BlockPoller-1" daemon [_thread_in_native, id=11896, stack(0x0000000010f30000,0x0000000011030000)]
  0x000000000d25f800 JavaThread "NettyServerBoss-5-1" daemon [_thread_in_native, id=22832, stack(0x0000000010e30000,0x0000000010f30000)]
  0x000000000d25f000 JavaThread "Dubbo-Access-Log-thread-1" daemon [_thread_blocked, id=27408, stack(0x0000000010c30000,0x0000000010d30000)]
  0x000000000d264000 JavaThread "ThreadPoolTaskScheduler-1" [_thread_blocked, id=22436, stack(0x0000000010d30000,0x0000000010e30000)]
  0x000000000d262000 JavaThread "DubboClientHandler-192.168.142.1:20890-thread-1" daemon [_thread_blocked, id=21016, stack(0x0000000010b30000,0x0000000010c30000)]
  0x000000000d25c800 JavaThread "NettyClientWorker-4-3" daemon [_thread_in_native, id=25436, stack(0x0000000010a30000,0x0000000010b30000)]
  0x000000000d25c000 JavaThread "com.alibaba.nacos.client.naming.updater" daemon [_thread_blocked, id=14396, stack(0x0000000010930000,0x0000000010a30000)]
  0x000000000d25e000 JavaThread "DubboClientHandler-192.168.142.1:20881-thread-1" daemon [_thread_blocked, id=27484, stack(0x0000000010830000,0x0000000010930000)]
  0x000000000d262800 JavaThread "NettyClientWorker-4-2" daemon [_thread_in_native, id=23592, stack(0x0000000010730000,0x0000000010830000)]
  0x000000000c87c800 JavaThread "dubbo-future-timeout-thread-1" daemon [_thread_blocked, id=26996, stack(0x0000000010430000,0x0000000010530000)]
  0x000000000c87c000 JavaThread "DubboSaveRegistryCache-thread-1" daemon [_thread_blocked, id=23368, stack(0x0000000010330000,0x0000000010430000)]
  0x000000000c87d800 JavaThread "com.alibaba.nacos.client.naming.updater" daemon [_thread_blocked, id=20596, stack(0x0000000010230000,0x0000000010330000)]
  0x000000000c87a800 JavaThread "com.alibaba.nacos.naming.beat.sender" daemon [_thread_blocked, id=19912, stack(0x0000000010130000,0x0000000010230000)]
  0x000000000c879800 JavaThread "com.alibaba.nacos.naming.beat.sender" daemon [_thread_blocked, id=17220, stack(0x000000000ff30000,0x0000000010030000)]
  0x000000000c879000 JavaThread "com.alibaba.nacos.naming.push.receiver" daemon [_thread_in_native, id=26808, stack(0x000000000fe30000,0x000000000ff30000)]
  0x000000000c86e000 JavaThread "com.alibaba.nacos.naming.failover" daemon [_thread_blocked, id=13040, stack(0x000000000fd30000,0x000000000fe30000)]
  0x000000000c871800 JavaThread "com.alibaba.nacos.naming.client.listener" daemon [_thread_blocked, id=27072, stack(0x000000000f030000,0x000000000f130000)]
  0x000000000c876800 JavaThread "dubbo-client-idleCheck-thread-1" daemon [_thread_blocked, id=27448, stack(0x000000000fc30000,0x000000000fd30000)]
  0x000000000c878000 JavaThread "DubboClientHandler-192.168.142.1:20880-thread-1" daemon [_thread_blocked, id=22924, stack(0x000000000c260000,0x000000000c360000)]
  0x000000000c877800 JavaThread "NettyClientWorker-4-1" daemon [_thread_in_native, id=27528, stack(0x000000000fb30000,0x000000000fc30000)]
  0x000000000c876000 JavaThread "com.alibaba.nacos.client.naming.updater" daemon [_thread_blocked, id=26980, stack(0x000000000f130000,0x000000000f230000)]
  0x000000000c870000 JavaThread "com.alibaba.nacos.client.naming.updater" daemon [_thread_blocked, id=27288, stack(0x000000000f230000,0x000000000f330000)]
  0x000000000c875000 JavaThread "container-0" [_thread_blocked, id=1752, stack(0x000000000eb30000,0x000000000ec30000)]
  0x000000000c870800 JavaThread "Catalina-utility-2" [_thread_blocked, id=26356, stack(0x000000000ea30000,0x000000000eb30000)]
  0x000000000c874800 JavaThread "Catalina-utility-1" [_thread_blocked, id=21964, stack(0x000000000e930000,0x000000000ea30000)]
  0x000000000c86f000 JavaThread "RMI TCP Connection(3)-192.168.142.1" daemon [_thread_in_native, id=22192, stack(0x000000000e830000,0x000000000e930000)]
  0x000000000c873800 JavaThread "lettuce-eventExecutorLoop-1-1" daemon [_thread_blocked, id=25792, stack(0x000000000a8b0000,0x000000000a9b0000)]
  0x000000000c873000 JavaThread "Druid-ConnectionPool-Destroy-540315736" daemon [_thread_blocked, id=25628, stack(0x000000000e530000,0x000000000e630000)]
  0x000000000c872000 JavaThread "Druid-ConnectionPool-Create-540315736" daemon [_thread_blocked, id=604, stack(0x000000000dc30000,0x000000000dd30000)]
  0x000000000997f000 JavaThread "Abandoned connection cleanup thread" daemon [_thread_blocked, id=12872, stack(0x0000000002d40000,0x0000000002e40000)]
  0x000000000997e800 JavaThread "SimplePauseDetectorThread_0" daemon [_thread_blocked, id=20624, stack(0x00000000010c0000,0x00000000011c0000)]
  0x000000000997d800 JavaThread "Thread-150" daemon [_thread_blocked, id=26380, stack(0x0000000000d90000,0x0000000000e90000)]
  0x000000000997b800 JavaThread "com.alibaba.nacos.naming.push.receiver" daemon [_thread_in_native, id=20452, stack(0x000000000db30000,0x000000000dc30000)]
  0x000000000997d000 JavaThread "com.alibaba.nacos.naming.failover" daemon [_thread_blocked, id=23608, stack(0x000000000da30000,0x000000000db30000)]
  0x000000000997a000 JavaThread "com.alibaba.nacos.naming.client.listener" daemon [_thread_blocked, id=9124, stack(0x000000000d930000,0x000000000da30000)]
  0x000000000997c000 JavaThread "spring.cloud.inetutils" daemon [_thread_blocked, id=18296, stack(0x000000000d530000,0x000000000d630000)]
  0x0000000009978800 JavaThread "RMI TCP Connection(4)-192.168.142.1" daemon [_thread_in_native, id=13480, stack(0x000000000bd60000,0x000000000be60000)]
  0x0000000009979000 JavaThread "AsyncAppender-AsyncAppender" daemon [_thread_blocked, id=26164, stack(0x000000000bb60000,0x000000000bc60000)]
  0x000000000997a800 JavaThread "Log4j2-TF-12-Scheduled-4" daemon [_thread_blocked, id=22684, stack(0x000000000ba60000,0x000000000bb60000)]
  0x0000000009972000 JavaThread "com.alibaba.nacos.client.Worker.fixed-127.0.0.1_8848-f19d89a0-9ff1-4ff6-a488-036b95f90791" daemon [_thread_blocked, id=13284, stack(0x000000000b860000,0x000000000b960000)]
  0x0000000009970800 JavaThread "Timer-0" daemon [_thread_blocked, id=24084, stack(0x000000000a7b0000,0x000000000a8b0000)]
  0x00000000098cb800 JavaThread "pool-3-thread-1" [_thread_blocked, id=26304, stack(0x000000000b560000,0x000000000b660000)]
  0x00000000087a9000 JavaThread "RMI Scheduler(0)" daemon [_thread_blocked, id=25464, stack(0x000000000aa60000,0x000000000ab60000)]
  0x0000000008895800 JavaThread "RMI TCP Accept-0" daemon [_thread_in_native, id=2140, stack(0x0000000008dc0000,0x0000000008ec0000)]
  0x000000000864b800 JavaThread "Service Thread" daemon [_thread_blocked, id=19396, stack(0x0000000008cc0000,0x0000000008dc0000)]
=>0x00000000085d1800 JavaThread "C1 CompilerThread2" daemon [_thread_in_native, id=23948, stack(0x0000000008bc0000,0x0000000008cc0000)]
  0x00000000085ce000 JavaThread "C2 CompilerThread1" daemon [_thread_blocked, id=22880, stack(0x0000000008ac0000,0x0000000008bc0000)]
  0x00000000085cd800 JavaThread "C2 CompilerThread0" daemon [_thread_blocked, id=20268, stack(0x00000000089c0000,0x0000000008ac0000)]
  0x00000000085a5000 JavaThread "Monitor Ctrl-Break" daemon [_thread_in_native, id=24344, stack(0x00000000088c0000,0x00000000089c0000)]
  0x000000000678c800 JavaThread "Attach Listener" daemon [_thread_blocked, id=4596, stack(0x0000000007fc0000,0x00000000080c0000)]
  0x000000000679e800 JavaThread "Signal Dispatcher" daemon [_thread_blocked, id=22520, stack(0x0000000007ec0000,0x0000000007fc0000)]
  0x0000000006763000 JavaThread "Finalizer" daemon [_thread_blocked, id=23864, stack(0x00000000079c0000,0x0000000007ac0000)]
  0x000000000673a000 JavaThread "Reference Handler" daemon [_thread_blocked, id=18888, stack(0x00000000078c0000,0x00000000079c0000)]

Other Threads:
  0x0000000006736800 VMThread [stack: 0x00000000077c0000,0x00000000078c0000] [id=23528]
  0x000000000889d000 WatcherThread [stack: 0x0000000008ee0000,0x0000000008fe0000] [id=23880]

VM state:not at safepoint (normal execution)

VM Mutex/Monitor currently owned by a thread: None

Heap:
 PSYoungGen      total 315904K, used 192704K [0x00000000eb300000, 0x0000000100000000, 0x0000000100000000)
  eden space 297984K, 60% used [0x00000000eb300000,0x00000000f6216648,0x00000000fd600000)
  from space 17920K, 74% used [0x00000000fee80000,0x00000000ffb99ad8,0x0000000100000000)
  to   space 21504K, 0% used [0x00000000fd600000,0x00000000fd600000,0x00000000feb00000)
 ParOldGen       total 112640K, used 47253K [0x00000000c1800000, 0x00000000c8600000, 0x00000000eb300000)
  object space 112640K, 41% used [0x00000000c1800000,0x00000000c46255b0,0x00000000c8600000)
 Metaspace       used 69874K, capacity 73846K, committed 74112K, reserved 1114112K
  class space    used 9173K, capacity 9829K, committed 9856K, reserved 1048576K

Card table byte_map: [0x0000000003540000,0x0000000003740000] byte_map_base: 0x0000000002f34000

Marking Bits: (ParMarkBitMap*) 0x00000000518cc720
 Begin Bits: [0x0000000003c90000, 0x0000000004c30000)
 End Bits:   [0x0000000004c30000, 0x0000000005bd0000)

Polling page: 0x00000000010b0000

CodeCache: size=245760Kb used=15229Kb max_used=15229Kb free=230530Kb
 bounds [0x0000000011080000, 0x0000000011f70000, 0x0000000020080000]
 total_blobs=8297 nmethods=7659 adapters=549
 compilation: enabled

Compilation events (10 events):
Event: 181.432 Thread 0x00000000085d1800 nmethod 7817 0x0000000011f5f010 code [0x0000000011f5f160, 0x0000000011f5f250]
Event: 181.886 Thread 0x00000000085d1800 7818       1       sun.nio.ch.SelectorImpl::select (34 bytes)
Event: 181.886 Thread 0x00000000085d1800 nmethod 7818 0x0000000011f5f2d0 code [0x0000000011f5f440, 0x0000000011f5f658]
Event: 181.902 Thread 0x00000000085d1800 7819   !   1       sun.nio.ch.WindowsSelectorImpl::resetWakeupSocket (41 bytes)
Event: 181.902 Thread 0x00000000085d1800 nmethod 7819 0x0000000011f5f750 code [0x0000000011f5f8c0, 0x0000000011f5fc08]
Event: 182.071 Thread 0x00000000085d1800 7820       1       org.LatencyUtils.SimplePauseDetector::access$400 (5 bytes)
Event: 182.071 Thread 0x00000000085d1800 nmethod 7820 0x0000000011f5fd10 code [0x0000000011f5fe60, 0x0000000011f5ff50]
Event: 182.217 Thread 0x00000000085d1800 7821  s!   1       sun.net.www.protocol.http.HttpURLConnection::getOutputStream (56 bytes)
Event: 182.218 Thread 0x00000000085d1800 nmethod 7821 0x0000000011f5ffd0 code [0x0000000011f60180, 0x0000000011f606d8]
Event: 182.218 Thread 0x00000000085d1800 7822  s!   1       sun.net.www.protocol.http.HttpURLConnection::getOutputStream0 (352 bytes)

GC Heap History (10 events):
Event: 108.287 GC heap before
{Heap before GC invocations=17 (full 2):
 PSYoungGen      total 307712K, used 307690K [0x00000000eb300000, 0x00000000ff400000, 0x0000000100000000)
  eden space 293888K, 100% used [0x00000000eb300000,0x00000000fd200000,0x00000000fd200000)
  from space 13824K, 99% used [0x00000000fe300000,0x00000000ff07a940,0x00000000ff080000)
  to   space 17408K, 0% used [0x00000000fd200000,0x00000000fd200000,0x00000000fe300000)
 ParOldGen       total 58368K, used 19847K [0x00000000c1800000, 0x00000000c5100000, 0x00000000eb300000)
  object space 58368K, 34% used [0x00000000c1800000,0x00000000c2b61dc0,0x00000000c5100000)
 Metaspace       used 49988K, capacity 52022K, committed 52352K, reserved 1095680K
  class space    used 6530K, capacity 6941K, committed 7040K, reserved 1048576K
Event: 108.500 GC heap after
Heap after GC invocations=17 (full 2):
 PSYoungGen      total 311296K, used 9671K [0x00000000eb300000, 0x0000000100000000, 0x0000000100000000)
  eden space 293888K, 0% used [0x00000000eb300000,0x00000000eb300000,0x00000000fd200000)
  from space 17408K, 55% used [0x00000000fd200000,0x00000000fdb71f88,0x00000000fe300000)
  to   space 17408K, 0% used [0x00000000fef00000,0x00000000fef00000,0x0000000100000000)
 ParOldGen       total 58368K, used 32921K [0x00000000c1800000, 0x00000000c5100000, 0x00000000eb300000)
  object space 58368K, 56% used [0x00000000c1800000,0x00000000c38264c8,0x00000000c5100000)
 Metaspace       used 49988K, capacity 52022K, committed 52352K, reserved 1095680K
  class space    used 6530K, capacity 6941K, committed 7040K, reserved 1048576K
}
Event: 122.046 GC heap before
{Heap before GC invocations=18 (full 2):
 PSYoungGen      total 311296K, used 303559K [0x00000000eb300000, 0x0000000100000000, 0x0000000100000000)
  eden space 293888K, 100% used [0x00000000eb300000,0x00000000fd200000,0x00000000fd200000)
  from space 17408K, 55% used [0x00000000fd200000,0x00000000fdb71f88,0x00000000fe300000)
  to   space 17408K, 0% used [0x00000000fef00000,0x00000000fef00000,0x0000000100000000)
 ParOldGen       total 58368K, used 32921K [0x00000000c1800000, 0x00000000c5100000, 0x00000000eb300000)
  object space 58368K, 56% used [0x00000000c1800000,0x00000000c38264c8,0x00000000c5100000)
 Metaspace       used 53760K, capacity 56002K, committed 56192K, reserved 1097728K
  class space    used 7049K, capacity 7468K, committed 7552K, reserved 1048576K
Event: 122.111 GC heap after
Heap after GC invocations=18 (full 2):
 PSYoungGen      total 322560K, used 12112K [0x00000000eb300000, 0x0000000100000000, 0x0000000100000000)
  eden space 305152K, 0% used [0x00000000eb300000,0x00000000eb300000,0x00000000fdd00000)
  from space 17408K, 69% used [0x00000000fef00000,0x00000000ffad40c0,0x0000000100000000)
  to   space 17920K, 0% used [0x00000000fdd00000,0x00000000fdd00000,0x00000000fee80000)
 ParOldGen       total 58368K, used 32929K [0x00000000c1800000, 0x00000000c5100000, 0x00000000eb300000)
  object space 58368K, 56% used [0x00000000c1800000,0x00000000c38284c8,0x00000000c5100000)
 Metaspace       used 53760K, capacity 56002K, committed 56192K, reserved 1097728K
  class space    used 7049K, capacity 7468K, committed 7552K, reserved 1048576K
}
Event: 126.928 GC heap before
{Heap before GC invocations=19 (full 2):
 PSYoungGen      total 322560K, used 303001K [0x00000000eb300000, 0x0000000100000000, 0x0000000100000000)
  eden space 305152K, 95% used [0x00000000eb300000,0x00000000fcf12440,0x00000000fdd00000)
  from space 17408K, 69% used [0x00000000fef00000,0x00000000ffad40c0,0x0000000100000000)
  to   space 17920K, 0% used [0x00000000fdd00000,0x00000000fdd00000,0x00000000fee80000)
 ParOldGen       total 58368K, used 32929K [0x00000000c1800000, 0x00000000c5100000, 0x00000000eb300000)
  object space 58368K, 56% used [0x00000000c1800000,0x00000000c38284c8,0x00000000c5100000)
 Metaspace       used 56354K, capacity 58982K, committed 59096K, reserved 1099776K
  class space    used 7474K, capacity 7982K, committed 8064K, reserved 1048576K
Event: 127.030 GC heap after
Heap after GC invocations=19 (full 2):
 PSYoungGen      total 323072K, used 17898K [0x00000000eb300000, 0x0000000100000000, 0x0000000100000000)
  eden space 305152K, 0% used [0x00000000eb300000,0x00000000eb300000,0x00000000fdd00000)
  from space 17920K, 99% used [0x00000000fdd00000,0x00000000fee7aad8,0x00000000fee80000)
  to   space 17920K, 0% used [0x00000000fee80000,0x00000000fee80000,0x0000000100000000)
 ParOldGen       total 58368K, used 33507K [0x00000000c1800000, 0x00000000c5100000, 0x00000000eb300000)
  object space 58368K, 57% used [0x00000000c1800000,0x00000000c38b8ef0,0x00000000c5100000)
 Metaspace       used 56354K, capacity 58982K, committed 59096K, reserved 1099776K
  class space    used 7474K, capacity 7982K, committed 8064K, reserved 1048576K
}
Event: 127.031 GC heap before
{Heap before GC invocations=20 (full 3):
 PSYoungGen      total 323072K, used 17898K [0x00000000eb300000, 0x0000000100000000, 0x0000000100000000)
  eden space 305152K, 0% used [0x00000000eb300000,0x00000000eb300000,0x00000000fdd00000)
  from space 17920K, 99% used [0x00000000fdd00000,0x00000000fee7aad8,0x00000000fee80000)
  to   space 17920K, 0% used [0x00000000fee80000,0x00000000fee80000,0x0000000100000000)
 ParOldGen       total 58368K, used 33507K [0x00000000c1800000, 0x00000000c5100000, 0x00000000eb300000)
  object space 58368K, 57% used [0x00000000c1800000,0x00000000c38b8ef0,0x00000000c5100000)
 Metaspace       used 56354K, capacity 58982K, committed 59096K, reserved 1099776K
  class space    used 7474K, capacity 7982K, committed 8064K, reserved 1048576K
Event: 128.484 GC heap after
Heap after GC invocations=20 (full 3):
 PSYoungGen      total 323072K, used 0K [0x00000000eb300000, 0x0000000100000000, 0x0000000100000000)
  eden space 305152K, 0% used [0x00000000eb300000,0x00000000eb300000,0x00000000fdd00000)
  from space 17920K, 0% used [0x00000000fdd00000,0x00000000fdd00000,0x00000000fee80000)
  to   space 17920K, 0% used [0x00000000fee80000,0x00000000fee80000,0x0000000100000000)
 ParOldGen       total 112640K, used 47245K [0x00000000c1800000, 0x00000000c8600000, 0x00000000eb300000)
  object space 112640K, 41% used [0x00000000c1800000,0x00000000c46235b0,0x00000000c8600000)
 Metaspace       used 56354K, capacity 58982K, committed 59096K, reserved 1099776K
  class space    used 7474K, capacity 7982K, committed 8064K, reserved 1048576K
}
Event: 138.665 GC heap before
{Heap before GC invocations=21 (full 3):
 PSYoungGen      total 323072K, used 305152K [0x00000000eb300000, 0x0000000100000000, 0x0000000100000000)
  eden space 305152K, 100% used [0x00000000eb300000,0x00000000fdd00000,0x00000000fdd00000)
  from space 17920K, 0% used [0x00000000fdd00000,0x00000000fdd00000,0x00000000fee80000)
  to   space 17920K, 0% used [0x00000000fee80000,0x00000000fee80000,0x0000000100000000)
 ParOldGen       total 112640K, used 47245K [0x00000000c1800000, 0x00000000c8600000, 0x00000000eb300000)
  object space 112640K, 41% used [0x00000000c1800000,0x00000000c46235b0,0x00000000c8600000)
 Metaspace       used 63690K, capacity 67064K, committed 67200K, reserved 1107968K
  class space    used 8427K, capacity 9011K, committed 9088K, reserved 1048576K
Event: 138.715 GC heap after
Heap after GC invocations=21 (full 3):
 PSYoungGen      total 315904K, used 13414K [0x00000000eb300000, 0x0000000100000000, 0x0000000100000000)
  eden space 297984K, 0% used [0x00000000eb300000,0x00000000eb300000,0x00000000fd600000)
  from space 17920K, 74% used [0x00000000fee80000,0x00000000ffb99ad8,0x0000000100000000)
  to   space 21504K, 0% used [0x00000000fd600000,0x00000000fd600000,0x00000000feb00000)
 ParOldGen       total 112640K, used 47253K [0x00000000c1800000, 0x00000000c8600000, 0x00000000eb300000)
  object space 112640K, 41% used [0x00000000c1800000,0x00000000c46255b0,0x00000000c8600000)
 Metaspace       used 63690K, capacity 67064K, committed 67200K, reserved 1107968K
  class space    used 8427K, capacity 9011K, committed 9088K, reserved 1048576K
}

Deoptimization events (0 events):
No events

Internal exceptions (10 events):
Event: 163.923 Thread 0x0000000009978800 Exception <a 'java/lang/ExceptionInInitializerError'> (0x00000000f436d1a0) thrown at [C:\re\workspace\8-2-build-windows-amd64-cygwin\jdk8u131\8869\hotspot\src\share\vm\oops\instanceKlass.cpp, line 969]
Event: 163.952 Thread 0x0000000009978800 Exception <a 'java/lang/UnsatisfiedLinkError': io.netty.channel.kqueue.Native.sizeofKEvent()I> (0x00000000f4418078) thrown at [C:\re\workspace\8-2-build-windows-amd64-cygwin\jdk8u131\8869\hotspot\src\share\vm\prims\nativeLookup.cpp, line 378]
Event: 163.952 Thread 0x0000000009978800 Exception <a 'java/lang/ExceptionInInitializerError'> (0x00000000f4418d20) thrown at [C:\re\workspace\8-2-build-windows-amd64-cygwin\jdk8u131\8869\hotspot\src\share\vm\oops\instanceKlass.cpp, line 969]
Event: 164.054 Thread 0x000000000d172800 Exception <a 'java/lang/ArrayIndexOutOfBoundsException'> (0x00000000f46b71d8) thrown at [C:\re\workspace\8-2-build-windows-amd64-cygwin\jdk8u131\8869\hotspot\src\share\vm\runtime\sharedRuntime.cpp, line 605]
Event: 166.828 Thread 0x0000000009978800 Exception <a 'java/lang/ArrayIndexOutOfBoundsException'> (0x00000000f57290b0) thrown at [C:\re\workspace\8-2-build-windows-amd64-cygwin\jdk8u131\8869\hotspot\src\share\vm\runtime\sharedRuntime.cpp, line 605]
Event: 166.856 Thread 0x0000000009978800 Exception <a 'java/lang/ArrayIndexOutOfBoundsException'> (0x00000000f5782bf8) thrown at [C:\re\workspace\8-2-build-windows-amd64-cygwin\jdk8u131\8869\hotspot\src\share\vm\runtime\sharedRuntime.cpp, line 605]
Event: 171.665 Thread 0x0000000009970800 Exception <a 'java/io/FileNotFoundException'> (0x00000000f2c3c820) thrown at [C:\re\workspace\8-2-build-windows-amd64-cygwin\jdk8u131\8869\hotspot\src\share\vm\prims\jni.cpp, line 709]
Event: 171.665 Thread 0x0000000009970800 Exception <a 'java/io/FileNotFoundException'> (0x00000000f2c3cdf8) thrown at [C:\re\workspace\8-2-build-windows-amd64-cygwin\jdk8u131\8869\hotspot\src\share\vm\prims\jni.cpp, line 709]
Event: 181.693 Thread 0x0000000009970800 Exception <a 'java/io/FileNotFoundException'> (0x00000000f2c47f48) thrown at [C:\re\workspace\8-2-build-windows-amd64-cygwin\jdk8u131\8869\hotspot\src\share\vm\prims\jni.cpp, line 709]
Event: 181.693 Thread 0x0000000009970800 Exception <a 'java/io/FileNotFoundException'> (0x00000000f2c48520) thrown at [C:\re\workspace\8-2-build-windows-amd64-cygwin\jdk8u131\8869\hotspot\src\share\vm\prims\jni.cpp, line 709]

Events (10 events):
Event: 173.133 Thread 0x000000000d308800 Thread added: 0x000000000d308800
Event: 173.192 Executing VM operation: RevokeBias
Event: 173.192 Executing VM operation: RevokeBias done
Event: 176.867 loading class org/apache/catalina/Session
Event: 176.867 loading class org/apache/catalina/Session done
Event: 178.140 Thread 0x000000000d308800 Thread exited: 0x000000000d308800
Event: 178.147 Thread 0x000000000d30b800 Thread added: 0x000000000d30b800
Event: 178.205 Executing VM operation: RevokeBias
Event: 178.205 Executing VM operation: RevokeBias done
Event: 179.409 Thread 0x000000000d308800 Thread added: 0x000000000d308800


Dynamic libraries:
0x00007ff785cf0000 - 0x00007ff785d27000 	D:\JDK1.8.0_131\bin\java.exe
0x00007ffa9ff30000 - 0x00007ffaa0128000 	C:\WINDOWS\SYSTEM32\ntdll.dll
0x00007ffa9f9a0000 - 0x00007ffa9fa5f000 	C:\WINDOWS\System32\KERNEL32.DLL
0x00007ffa9dad0000 - 0x00007ffa9dda2000 	C:\WINDOWS\System32\KERNELBASE.dll
0x00007ffa9fd90000 - 0x00007ffa9fe3e000 	C:\WINDOWS\System32\ADVAPI32.dll
0x00007ffa9f900000 - 0x00007ffa9f99e000 	C:\WINDOWS\System32\msvcrt.dll
0x00007ffa9e600000 - 0x00007ffa9e69c000 	C:\WINDOWS\System32\sechost.dll
0x00007ffa9f620000 - 0x00007ffa9f745000 	C:\WINDOWS\System32\RPCRT4.dll
0x00007ffa9f750000 - 0x00007ffa9f8f1000 	C:\WINDOWS\System32\USER32.dll
0x00007ffa9d620000 - 0x00007ffa9d642000 	C:\WINDOWS\System32\win32u.dll
0x00007ffa9e490000 - 0x00007ffa9e4bb000 	C:\WINDOWS\System32\GDI32.dll
0x00007ffa9d650000 - 0x00007ffa9d75f000 	C:\WINDOWS\System32\gdi32full.dll
0x00007ffa9d760000 - 0x00007ffa9d7fd000 	C:\WINDOWS\System32\msvcp_win.dll
0x00007ffa9ddb0000 - 0x00007ffa9deb0000 	C:\WINDOWS\System32\ucrtbase.dll
0x00007ffa89700000 - 0x00007ffa8999a000 	C:\WINDOWS\WinSxS\amd64_microsoft.windows.common-controls_6595b64144ccf1df_6.0.19041.1110_none_60b5254171f9507e\COMCTL32.dll
0x00007ffa9df80000 - 0x00007ffa9dfb2000 	C:\WINDOWS\System32\IMM32.DLL
0x0000000053860000 - 0x000000005386c000 	C:\Program Files (x86)\360\360Safe\safemon\SafeWrapper.dll
0x00007ffa8d550000 - 0x00007ffa8d5f1000 	C:\Program Files (x86)\360\360Safe\safemon\libzdtp64.dll
0x00007ffa9e6a0000 - 0x00007ffa9ede4000 	C:\WINDOWS\System32\SHELL32.dll
0x00007ffa9f310000 - 0x00007ffa9f365000 	C:\WINDOWS\System32\SHLWAPI.dll
0x00007ffa9d0c0000 - 0x00007ffa9d0ca000 	C:\WINDOWS\SYSTEM32\VERSION.dll
0x0000000051950000 - 0x0000000051a22000 	D:\JDK1.8.0_131\jre\bin\msvcr100.dll
0x00000000510b0000 - 0x000000005194c000 	D:\JDK1.8.0_131\jre\bin\server\jvm.dll
0x00007ffa9f610000 - 0x00007ffa9f618000 	C:\WINDOWS\System32\PSAPI.DLL
0x00007ffa980f0000 - 0x00007ffa980f9000 	C:\WINDOWS\SYSTEM32\WSOCK32.dll
0x00007ffa9f5a0000 - 0x00007ffa9f60b000 	C:\WINDOWS\System32\WS2_32.dll
0x00007ffa8c590000 - 0x00007ffa8c5b7000 	C:\WINDOWS\SYSTEM32\WINMM.dll
0x0000000052100000 - 0x000000005210f000 	D:\JDK1.8.0_131\jre\bin\verify.dll
0x0000000051080000 - 0x00000000510a9000 	D:\JDK1.8.0_131\jre\bin\java.dll
0x0000000051df0000 - 0x0000000051e13000 	D:\JDK1.8.0_131\jre\bin\instrument.dll
0x0000000051060000 - 0x0000000051076000 	D:\JDK1.8.0_131\jre\bin\zip.dll
0x00007ffa9a830000 - 0x00007ffa9afc2000 	C:\WINDOWS\SYSTEM32\windows.storage.dll
0x00007ffa9edf0000 - 0x00007ffa9f145000 	C:\WINDOWS\System32\combase.dll
0x00007ffa9d010000 - 0x00007ffa9d040000 	C:\WINDOWS\SYSTEM32\Wldp.dll
0x00007ffa9fc10000 - 0x00007ffa9fcbd000 	C:\WINDOWS\System32\SHCORE.dll
0x00007ffa9d560000 - 0x00007ffa9d57f000 	C:\WINDOWS\SYSTEM32\profapi.dll
0x00007ffa7c870000 - 0x00007ffa7c88a000 	D:\IdeaIU-2019_x64\IntelliJ IDEA 2019.3.3\bin\breakgen64.dll
0x0000000051040000 - 0x000000005105a000 	D:\JDK1.8.0_131\jre\bin\net.dll
0x00007ffa9cd70000 - 0x00007ffa9cdda000 	C:\WINDOWS\system32\mswsock.dll
0x00007ffa80140000 - 0x00007ffa8018b000 	C:\Program Files (x86)\Sangfor\SSL\ClientComponent2\SangforNspX64.dll
0x00007ffa9e4d0000 - 0x00007ffa9e5fa000 	C:\WINDOWS\System32\ole32.dll
0x00007ffa9fcc0000 - 0x00007ffa9fd8d000 	C:\WINDOWS\System32\OLEAUT32.dll
0x00007ffa9ca50000 - 0x00007ffa9cb1a000 	C:\WINDOWS\SYSTEM32\DNSAPI.dll
0x00007ffa9ca10000 - 0x00007ffa9ca4b000 	C:\WINDOWS\SYSTEM32\IPHLPAPI.DLL
0x00007ffa9df70000 - 0x00007ffa9df78000 	C:\WINDOWS\System32\NSI.dll
0x00007ffa80340000 - 0x00007ffa8034a000 	C:\Windows\System32\rasadhlp.dll
0x00007ffa8e750000 - 0x00007ffa8e7d0000 	C:\WINDOWS\System32\fwpuclnt.dll
0x00007ffa9d940000 - 0x00007ffa9d967000 	C:\WINDOWS\System32\bcrypt.dll
0x0000000051e20000 - 0x0000000051e2d000 	D:\JDK1.8.0_131\jre\bin\management.dll
0x0000000051020000 - 0x0000000051031000 	D:\JDK1.8.0_131\jre\bin\nio.dll
0x00007ffa9cf60000 - 0x00007ffa9cf78000 	C:\WINDOWS\SYSTEM32\CRYPTSP.dll
0x00007ffa9c620000 - 0x00007ffa9c654000 	C:\WINDOWS\system32\rsaenh.dll
0x00007ffa9d520000 - 0x00007ffa9d54e000 	C:\WINDOWS\SYSTEM32\USERENV.dll
0x00007ffa9d8b0000 - 0x00007ffa9d932000 	C:\WINDOWS\System32\bcryptprimitives.dll
0x00007ffa9cf80000 - 0x00007ffa9cf8c000 	C:\WINDOWS\SYSTEM32\CRYPTBASE.dll
0x00007ffa8df70000 - 0x00007ffa8df87000 	C:\WINDOWS\SYSTEM32\dhcpcsvc6.DLL
0x00007ffa8df50000 - 0x00007ffa8df6d000 	C:\WINDOWS\SYSTEM32\dhcpcsvc.DLL
0x00007ffa98ab0000 - 0x00007ffa98acd000 	C:\WINDOWS\system32\NLAapi.dll
0x00007ffa80350000 - 0x00007ffa80367000 	C:\WINDOWS\system32\napinsp.dll
0x00007ffa80120000 - 0x00007ffa8013b000 	C:\WINDOWS\system32\pnrpnsp.dll
0x00007ffa80100000 - 0x00007ffa80112000 	C:\WINDOWS\System32\winrnr.dll
0x00007ffa800e0000 - 0x00007ffa800f5000 	C:\WINDOWS\system32\wshbth.dll
0x00007ffa9c760000 - 0x00007ffa9c793000 	C:\WINDOWS\SYSTEM32\ntmarta.dll

VM Arguments:
jvm_args: -XX:TieredStopAtLevel=1 -Xverify:none -Dspring.output.ansi.enabled=always -Dcom.sun.management.jmxremote -Dspring.jmx.enabled=true -Dspring.liveBeansView.mbeanDomain -Dspring.application.admin.enabled=true -javaagent:D:\IdeaIU-2019_x64\IntelliJ IDEA 2019.3.3\lib\idea_rt.jar=3114:D:\IdeaIU-2019_x64\IntelliJ IDEA 2019.3.3\bin -Dfile.encoding=UTF-8 
java_command: com.shanjupay.transaction.TransactionBootstrap
java_class_path (initial): D:\JDK1.8.0_131\jre\lib\charsets.jar;D:\JDK1.8.0_131\jre\lib\deploy.jar;D:\JDK1.8.0_131\jre\lib\ext\access-bridge-64.jar;D:\JDK1.8.0_131\jre\lib\ext\cldrdata.jar;D:\JDK1.8.0_131\jre\lib\ext\dnsns.jar;D:\JDK1.8.0_131\jre\lib\ext\jaccess.jar;D:\JDK1.8.0_131\jre\lib\ext\jfxrt.jar;D:\JDK1.8.0_131\jre\lib\ext\localedata.jar;D:\JDK1.8.0_131\jre\lib\ext\nashorn.jar;D:\JDK1.8.0_131\jre\lib\ext\sunec.jar;D:\JDK1.8.0_131\jre\lib\ext\sunjce_provider.jar;D:\JDK1.8.0_131\jre\lib\ext\sunmscapi.jar;D:\JDK1.8.0_131\jre\lib\ext\sunpkcs11.jar;D:\JDK1.8.0_131\jre\lib\ext\zipfs.jar;D:\JDK1.8.0_131\jre\lib\javaws.jar;D:\JDK1.8.0_131\jre\lib\jce.jar;D:\JDK1.8.0_131\jre\lib\jfr.jar;D:\JDK1.8.0_131\jre\lib\jfxswt.jar;D:\JDK1.8.0_131\jre\lib\jsse.jar;D:\JDK1.8.0_131\jre\lib\management-agent.jar;D:\JDK1.8.0_131\jre\lib\plugin.jar;D:\JDK1.8.0_131\jre\lib\resources.jar;D:\JDK1.8.0_131\jre\lib\rt.jar;D:\IdeaIU-2019_x64\IDEA_Projects\heima\Pay_Project\shanjupay\shanjupay-transaction\shanjupay-transaction-service\target\classes;D:\IdeaIU-2019_x64\IDEA_Projects\heima\Pay_Project\shanjupay\shanjupay-transaction\shanjupay-transaction-api\target\classes;D:\IdeaIU-2019_x64\IDEA_Projects\heima\Pay_Project\shanjupay\shanjupay-common\target\classes;D:\JAVA_Structures\Maven\maven_3.6.3_repository\com\alibaba\fastjson\1.2.47\fastjson-1.2.47.jar;D:\JAVA_Structures\Maven\maven_3.6.3_repository\commons-lang\commons-lang\2.6\commons-lang-2.6.jar;D:\JAVA_Structures\Maven\maven_3.6.3_repository\io\springfox\springfox-swagger2\2.9.2\springfox-swagger2-2.9.2.jar;D:\JAVA_Structures\Maven\maven_3.6.3_repository\io\swagger\swagger-annotations\1.5.20\swagger-annotations-1.5.20.jar;D:\JAVA_Structures\Maven\maven_3.6.3_repository\io\swagger\swagger-models\1.5.20\swagger-models-1.5.20.jar;D:\JAVA_Structures\Maven\maven_3.6.3_repository\io\springfox\springfox-spi\2.9.2\springfox-spi-2.9.2.jar;D:\JAVA_Structures\Maven\maven_3.6.3_repository\io\springfox\springfox-core\2.9.2\springfox-core-2.9.2
Launcher Type: SUN_STANDARD

Environment Variables:
JAVA_HOME=D:\JDK1.8.0_131
PATH=D:\JDK1.8.0_131\bin;D:\MySQL8.0.26\bin;C:\Program Files\NVIDIA GPU Computing Toolkit\CUDA\v11.1\bin;C:\Program Files\NVIDIA GPU Computing Toolkit\CUDA\v11.1\libnvvp;D:\Anaconda;D:\Anaconda\Library\mingw-w64\bin;D:\Anaconda\Library\usr\bin;D:\Anaconda\Library\bin;D:\Anaconda\Scripts;C:\WINDOWS\system32;C:\WINDOWS;C:\WINDOWS\System32\Wbem;C:\WINDOWS\System32\WindowsPowerShell\v1.0\;C:\WINDOWS\System32\OpenSSH\;C:\Program Files\NVIDIA Corporation\Nsight Compute 2020.2.1\;C:\Program Files (x86)\NVIDIA Corporation\PhysX\Common;C:\Program Files\NVIDIA Corporation\NVIDIA NvDLISR;C:\Program Files\NVIDIA Corporation\NVSMI;C:\Program Files (x86)\Graphviz2.38\bin;D:\Matlab 2018b 64bit\Matlab 2018b\runtime\win64;D:\Matlab 2018b 64bit\Matlab 2018b\bin;D:\Git\cmd;C:\Program Files (x86)\Windows Kits\10\Windows Performance Toolkit\;C:\Program Files\dotnet\;C:\Program Files (x86)\ZED SDK\dependencies\freeglut_2.8\x64;C:\Program Files (x86)\ZED SDK\dependencies\glew-1.12.0\x64;C:\Program Files (x86)\ZED SDK\dependencies\opencv_3.1.0\x64;C:\Program Files (x86)\ZED SDK\bin;D:\JAVA_Structures\Maven\apache-maven-3.6.3\bin;D:\A-Software\Latex-2021\texlive\2021\bin\win32;D:\program\xshell7\;D:\program\xftp7\;D:\JAVA_Structures\nodejs\;D:\JAVA_Structures\Yarn\bin\;D:\IdeaIU-2019_x64\IDEA_Projects\heima\Pay_Project\other-modules\shanjupay-web\project-juhezhifu-admin-vue\node_modules\.bin;D:\Microsoft VS Code\\Scripts\;D:\Microsoft VS Code\\;C:\Users\admin\AppData\Local\Microsoft\WindowsApps;D:\Python\PyCharm Community Edition 2021.2.2\bin;;D:\Microsoft VS Code\bin;D:\IdeaIU-2019_x64\IntelliJ IDEA 2019.3.3\bin;;C:\Users\admin\AppData\Roaming\npm;C:\Users\admin\AppData\Local\Yarn\bin
USERNAME=admin
OS=Windows_NT
PROCESSOR_IDENTIFIER=Intel64 Family 6 Model 142 Stepping 9, GenuineIntel



---------------  S Y S T E M  ---------------

OS: Windows 10.0 , 64 bit Build 19041 (10.0.19041.2364)

CPU:total 4 (initial active 4) (2 cores per cpu, 2 threads per core) family 6 model 142 stepping 9, cmov, cx8, fxsr, mmx, sse, sse2, sse3, ssse3, sse4.1, sse4.2, popcnt, avx, avx2, aes, clmul, erms, 3dnowpref, lzcnt, ht, tsc, tscinvbit, bmi1, bmi2, adx

Memory: 4k page, physical 4094968k(98804k free), swap 16677880k(3076k free)

vm_info: Java HotSpot(TM) 64-Bit Server VM (25.131-b11) for windows-amd64 JRE (1.8.0_131-b11), built on Mar 15 2017 01:23:53 by "java_re" with MS VC++ 10.0 (VS2010)

time: Mon Feb 06 20:08:54 2023
elapsed time: 182 seconds (0d 0h 3m 2s)

