[${project.name}][${env:SERVER_PORT}] 2023-01-01 13:01:33,556 INFO [main][StartupInfoLogger.java:50] - Starting SailingBootstrap on DESKTOP-6O38A94 with PID 17032 (D:\IdeaIU-2019_x64\IDEA_Projects\heima\Pay_Project\other-modules\sailing\target\classes started by admin in D:\IdeaIU-2019_x64\IDEA_Projects\heima\Pay_Project\other-modules\sailing)
[${project.name}][${env:SERVER_PORT}] 2023-01-01 13:01:33,634 INFO [main][SpringApplication.java:675] - No active profile set, falling back to default profiles: default
[${project.name}][${env:SERVER_PORT}] 2023-01-01 13:01:35,908 INFO [main][RepositoryConfigurationDelegate.java:244] - Multiple Spring Data modules found, entering strict repository configuration mode!
[${project.name}][${env:SERVER_PORT}] 2023-01-01 13:01:35,923 INFO [main][RepositoryConfigurationDelegate.java:126] - Bootstrapping Spring Data repositories in DEFAULT mode.
[${project.name}][${env:SERVER_PORT}] 2023-01-01 13:01:36,029 INFO [main][RepositoryConfigurationDelegate.java:182] - Finished Spring Data repository scanning in 85ms. Found 0 repository interfaces.
[${project.name}][${env:SERVER_PORT}] 2023-01-01 13:01:37,334 INFO [main][TomcatWebServer.java:90] - Tomcat initialized with port(s): 56085 (http)
[${project.name}][${env:SERVER_PORT}] 2023-01-01 13:01:37,368 INFO [main][DirectJDKLog.java:173] - Initializing ProtocolHandler ["http-nio-56085"]
[${project.name}][${env:SERVER_PORT}] 2023-01-01 13:01:37,387 INFO [main][DirectJDKLog.java:173] - Starting service [Tomcat]
[${project.name}][${env:SERVER_PORT}] 2023-01-01 13:01:37,389 INFO [main][DirectJDKLog.java:173] - Starting Servlet engine: [Apache Tomcat/9.0.16]
[${project.name}][${env:SERVER_PORT}] 2023-01-01 13:01:37,401 INFO [main][DirectJDKLog.java:173] - The APR based Apache Tomcat Native library which allows optimal performance in production environments was not found on the java.library.path: [D:\JDK1.8.0_131\bin;C:\WINDOWS\Sun\Java\bin;C:\WINDOWS\system32;C:\WINDOWS;D:\JDK1.8.0_131\bin;D:\MySQL8.0.26\bin;C:\Program Files\NVIDIA GPU Computing Toolkit\CUDA\v11.1\bin;C:\Program Files\NVIDIA GPU Computing Toolkit\CUDA\v11.1\libnvvp;D:\Anaconda;D:\Anaconda\Library\mingw-w64\bin;D:\Anaconda\Library\usr\bin;D:\Anaconda\Library\bin;D:\Anaconda\Scripts;C:\WINDOWS\system32;C:\WINDOWS;C:\WINDOWS\System32\Wbem;C:\WINDOWS\System32\WindowsPowerShell\v1.0\;C:\WINDOWS\System32\OpenSSH\;C:\Program Files\NVIDIA Corporation\Nsight Compute 2020.2.1\;C:\Program Files (x86)\NVIDIA Corporation\PhysX\Common;C:\Program Files\NVIDIA Corporation\NVIDIA NvDLISR;C:\Program Files\NVIDIA Corporation\NVSMI;C:\Program Files (x86)\Graphviz2.38\bin;D:\Matlab 2018b 64bit\Matlab 2018b\runtime\win64;D:\Matlab 2018b 64bit\Matlab 2018b\bin;D:\Git\cmd;C:\Program Files (x86)\Windows Kits\10\Windows Performance Toolkit\;C:\Program Files\dotnet\;C:\Program Files (x86)\ZED SDK\dependencies\freeglut_2.8\x64;C:\Program Files (x86)\ZED SDK\dependencies\glew-1.12.0\x64;C:\Program Files (x86)\ZED SDK\dependencies\opencv_3.1.0\x64;C:\Program Files (x86)\ZED SDK\bin;D:\JAVA_Structures\Maven\apache-maven-3.6.3\bin;D:\A-Software\Latex-2021\texlive\2021\bin\win32;D:\program\xshell7\;D:\program\xftp7\;D:\Microsoft VS Code\语言包\Scripts\;D:\Microsoft VS Code\语言包\;C:\Users\admin\AppData\Local\Microsoft\WindowsApps;D:\Python\PyCharm Community Edition 2021.2.2\bin;;D:\Microsoft VS Code\bin;D:\IdeaIU-2019_x64\IntelliJ IDEA 2019.3.3\bin;;.]
[${project.name}][${env:SERVER_PORT}] 2023-01-01 13:01:37,903 INFO [main][DirectJDKLog.java:173] - Initializing Spring embedded WebApplicationContext
[${project.name}][${env:SERVER_PORT}] 2023-01-01 13:01:37,904 INFO [main][ServletWebServerApplicationContext.java:296] - Root WebApplicationContext: initialization completed in 4193 ms
[${project.name}][${env:SERVER_PORT}] 2023-01-01 13:01:39,584 INFO [main][EndpointLinksResolver.java:59] - Exposing 2 endpoint(s) beneath base path '/actuator'
[${project.name}][${env:SERVER_PORT}] 2023-01-01 13:01:39,719 INFO [main][PropertySourcedRequestMappingHandlerMapping.java:69] - Mapped URL path [/v2/api-docs] onto method [public org.springframework.http.ResponseEntity<springfox.documentation.spring.web.json.Json> springfox.documentation.swagger2.web.Swagger2Controller.getDocumentation(java.lang.String,javax.servlet.http.HttpServletRequest)]
[${project.name}][${env:SERVER_PORT}] 2023-01-01 13:01:39,960 INFO [main][ExecutorConfigurationSupport.java:171] - Initializing ExecutorService 'applicationTaskExecutor'
[${project.name}][${env:SERVER_PORT}] 2023-01-01 13:01:40,513 INFO [main][DocumentationPluginsBootstrapper.java:160] - Context refreshed
[${project.name}][${env:SERVER_PORT}] 2023-01-01 13:01:40,543 INFO [main][DocumentationPluginsBootstrapper.java:163] - Found 1 custom documentation plugin(s)
[${project.name}][${env:SERVER_PORT}] 2023-01-01 13:01:40,617 INFO [main][ApiListingReferenceScanner.java:41] - Scanning for api listing references
[${project.name}][${env:SERVER_PORT}] 2023-01-01 13:01:40,922 INFO [main][DirectJDKLog.java:173] - Starting ProtocolHandler ["http-nio-56085"]
[${project.name}][${env:SERVER_PORT}] 2023-01-01 13:01:40,974 INFO [main][TomcatWebServer.java:204] - Tomcat started on port(s): 56085 (http) with context path '/sailing'
[${project.name}][${env:SERVER_PORT}] 2023-01-01 13:01:40,983 INFO [main][StartupInfoLogger.java:59] - Started SailingBootstrap in 9.196 seconds (JVM running for 13.916)
[${project.name}][${env:SERVER_PORT}] 2023-01-01 13:01:42,126 INFO [RMI TCP Connection(2)-192.168.142.1][DirectJDKLog.java:173] - Initializing Spring DispatcherServlet 'dispatcherServlet'
[${project.name}][${env:SERVER_PORT}] 2023-01-01 13:01:42,127 INFO [RMI TCP Connection(2)-192.168.142.1][FrameworkServlet.java:524] - Initializing Servlet 'dispatcherServlet'
[${project.name}][${env:SERVER_PORT}] 2023-01-01 13:01:42,141 INFO [RMI TCP Connection(2)-192.168.142.1][FrameworkServlet.java:546] - Completed initialization in 14 ms
[${project.name}][${env:SERVER_PORT}] 2023-01-01 13:01:42,461 INFO [RMI TCP Connection(1)-192.168.142.1][EpollProvider.java:68] - Starting without optional epoll library
[${project.name}][${env:SERVER_PORT}] 2023-01-01 13:01:42,466 INFO [RMI TCP Connection(1)-192.168.142.1][KqueueProvider.java:70] - Starting without optional kqueue library
[${project.name}][${env:SERVER_PORT}] 2023-01-01 13:06:54,802 INFO [main][StartupInfoLogger.java:50] - Starting SailingBootstrap on DESKTOP-6O38A94 with PID 12120 (D:\IdeaIU-2019_x64\IDEA_Projects\heima\Pay_Project\other-modules\sailing\target\classes started by admin in D:\IdeaIU-2019_x64\IDEA_Projects\heima\Pay_Project\other-modules\sailing)
[${project.name}][${env:SERVER_PORT}] 2023-01-01 13:06:54,823 INFO [main][SpringApplication.java:675] - No active profile set, falling back to default profiles: default
[${project.name}][${env:SERVER_PORT}] 2023-01-01 13:07:05,393 INFO [main][RepositoryConfigurationDelegate.java:244] - Multiple Spring Data modules found, entering strict repository configuration mode!
[${project.name}][${env:SERVER_PORT}] 2023-01-01 13:07:05,393 INFO [main][RepositoryConfigurationDelegate.java:126] - Bootstrapping Spring Data repositories in DEFAULT mode.
[${project.name}][${env:SERVER_PORT}] 2023-01-01 13:07:05,491 INFO [main][RepositoryConfigurationDelegate.java:182] - Finished Spring Data repository scanning in 72ms. Found 0 repository interfaces.
[${project.name}][${env:SERVER_PORT}] 2023-01-01 13:07:06,592 INFO [main][TomcatWebServer.java:90] - Tomcat initialized with port(s): 56085 (http)
[${project.name}][${env:SERVER_PORT}] 2023-01-01 13:07:06,628 INFO [main][DirectJDKLog.java:173] - Initializing ProtocolHandler ["http-nio-56085"]
[${project.name}][${env:SERVER_PORT}] 2023-01-01 13:07:06,648 INFO [main][DirectJDKLog.java:173] - Starting service [Tomcat]
[${project.name}][${env:SERVER_PORT}] 2023-01-01 13:07:06,649 INFO [main][DirectJDKLog.java:173] - Starting Servlet engine: [Apache Tomcat/9.0.16]
[${project.name}][${env:SERVER_PORT}] 2023-01-01 13:07:06,765 INFO [main][DirectJDKLog.java:173] - The APR based Apache Tomcat Native library which allows optimal performance in production environments was not found on the java.library.path: [D:\JDK1.8.0_131\bin;C:\WINDOWS\Sun\Java\bin;C:\WINDOWS\system32;C:\WINDOWS;D:\JDK1.8.0_131\bin;D:\MySQL8.0.26\bin;C:\Program Files\NVIDIA GPU Computing Toolkit\CUDA\v11.1\bin;C:\Program Files\NVIDIA GPU Computing Toolkit\CUDA\v11.1\libnvvp;D:\Anaconda;D:\Anaconda\Library\mingw-w64\bin;D:\Anaconda\Library\usr\bin;D:\Anaconda\Library\bin;D:\Anaconda\Scripts;C:\WINDOWS\system32;C:\WINDOWS;C:\WINDOWS\System32\Wbem;C:\WINDOWS\System32\WindowsPowerShell\v1.0\;C:\WINDOWS\System32\OpenSSH\;C:\Program Files\NVIDIA Corporation\Nsight Compute 2020.2.1\;C:\Program Files (x86)\NVIDIA Corporation\PhysX\Common;C:\Program Files\NVIDIA Corporation\NVIDIA NvDLISR;C:\Program Files\NVIDIA Corporation\NVSMI;C:\Program Files (x86)\Graphviz2.38\bin;D:\Matlab 2018b 64bit\Matlab 2018b\runtime\win64;D:\Matlab 2018b 64bit\Matlab 2018b\bin;D:\Git\cmd;C:\Program Files (x86)\Windows Kits\10\Windows Performance Toolkit\;C:\Program Files\dotnet\;C:\Program Files (x86)\ZED SDK\dependencies\freeglut_2.8\x64;C:\Program Files (x86)\ZED SDK\dependencies\glew-1.12.0\x64;C:\Program Files (x86)\ZED SDK\dependencies\opencv_3.1.0\x64;C:\Program Files (x86)\ZED SDK\bin;D:\JAVA_Structures\Maven\apache-maven-3.6.3\bin;D:\A-Software\Latex-2021\texlive\2021\bin\win32;D:\program\xshell7\;D:\program\xftp7\;D:\Microsoft VS Code\语言包\Scripts\;D:\Microsoft VS Code\语言包\;C:\Users\admin\AppData\Local\Microsoft\WindowsApps;D:\Python\PyCharm Community Edition 2021.2.2\bin;;D:\Microsoft VS Code\bin;D:\IdeaIU-2019_x64\IntelliJ IDEA 2019.3.3\bin;;.]
[${project.name}][${env:SERVER_PORT}] 2023-01-01 13:07:07,211 INFO [main][DirectJDKLog.java:173] - Initializing Spring embedded WebApplicationContext
[${project.name}][${env:SERVER_PORT}] 2023-01-01 13:07:07,214 INFO [main][ServletWebServerApplicationContext.java:296] - Root WebApplicationContext: initialization completed in 4110 ms
[${project.name}][${env:SERVER_PORT}] 2023-01-01 13:07:08,954 INFO [main][EndpointLinksResolver.java:59] - Exposing 2 endpoint(s) beneath base path '/actuator'
[${project.name}][${env:SERVER_PORT}] 2023-01-01 13:07:09,124 INFO [main][PropertySourcedRequestMappingHandlerMapping.java:69] - Mapped URL path [/v2/api-docs] onto method [public org.springframework.http.ResponseEntity<springfox.documentation.spring.web.json.Json> springfox.documentation.swagger2.web.Swagger2Controller.getDocumentation(java.lang.String,javax.servlet.http.HttpServletRequest)]
[${project.name}][${env:SERVER_PORT}] 2023-01-01 13:07:09,396 INFO [main][ExecutorConfigurationSupport.java:171] - Initializing ExecutorService 'applicationTaskExecutor'
[${project.name}][${env:SERVER_PORT}] 2023-01-01 13:07:09,924 INFO [main][DocumentationPluginsBootstrapper.java:160] - Context refreshed
[${project.name}][${env:SERVER_PORT}] 2023-01-01 13:07:09,962 INFO [main][DocumentationPluginsBootstrapper.java:163] - Found 1 custom documentation plugin(s)
[${project.name}][${env:SERVER_PORT}] 2023-01-01 13:07:10,040 INFO [main][ApiListingReferenceScanner.java:41] - Scanning for api listing references
[${project.name}][${env:SERVER_PORT}] 2023-01-01 13:07:10,359 INFO [main][DirectJDKLog.java:173] - Starting ProtocolHandler ["http-nio-56085"]
[${project.name}][${env:SERVER_PORT}] 2023-01-01 13:07:10,409 INFO [main][TomcatWebServer.java:204] - Tomcat started on port(s): 56085 (http) with context path '/sailing'
[${project.name}][${env:SERVER_PORT}] 2023-01-01 13:07:10,411 INFO [main][StartupInfoLogger.java:59] - Started SailingBootstrap in 16.8 seconds (JVM running for 22.34)
[${project.name}][${env:SERVER_PORT}] 2023-01-01 13:07:11,801 INFO [RMI TCP Connection(2)-192.168.142.1][DirectJDKLog.java:173] - Initializing Spring DispatcherServlet 'dispatcherServlet'
[${project.name}][${env:SERVER_PORT}] 2023-01-01 13:07:11,802 INFO [RMI TCP Connection(2)-192.168.142.1][FrameworkServlet.java:524] - Initializing Servlet 'dispatcherServlet'
[${project.name}][${env:SERVER_PORT}] 2023-01-01 13:07:11,818 INFO [RMI TCP Connection(2)-192.168.142.1][FrameworkServlet.java:546] - Completed initialization in 16 ms
[${project.name}][${env:SERVER_PORT}] 2023-01-01 13:07:12,127 INFO [RMI TCP Connection(1)-192.168.142.1][EpollProvider.java:68] - Starting without optional epoll library
[${project.name}][${env:SERVER_PORT}] 2023-01-01 13:07:12,135 INFO [RMI TCP Connection(1)-192.168.142.1][KqueueProvider.java:70] - Starting without optional kqueue library
[${project.name}][${env:SERVER_PORT}] 2023-01-01 13:16:09,582 INFO [main][StartupInfoLogger.java:50] - Starting SailingBootstrap on DESKTOP-6O38A94 with PID 10132 (D:\IdeaIU-2019_x64\IDEA_Projects\heima\Pay_Project\other-modules\sailing\target\classes started by admin in D:\IdeaIU-2019_x64\IDEA_Projects\heima\Pay_Project\other-modules\sailing)
[${project.name}][${env:SERVER_PORT}] 2023-01-01 13:16:09,716 INFO [main][SpringApplication.java:675] - No active profile set, falling back to default profiles: default
[${project.name}][${env:SERVER_PORT}] 2023-01-01 13:16:13,298 INFO [main][RepositoryConfigurationDelegate.java:244] - Multiple Spring Data modules found, entering strict repository configuration mode!
[${project.name}][${env:SERVER_PORT}] 2023-01-01 13:16:13,310 INFO [main][RepositoryConfigurationDelegate.java:126] - Bootstrapping Spring Data repositories in DEFAULT mode.
[${project.name}][${env:SERVER_PORT}] 2023-01-01 13:16:13,467 INFO [main][RepositoryConfigurationDelegate.java:182] - Finished Spring Data repository scanning in 123ms. Found 0 repository interfaces.
[${project.name}][${env:SERVER_PORT}] 2023-01-01 13:16:15,050 INFO [main][TomcatWebServer.java:90] - Tomcat initialized with port(s): 56085 (http)
[${project.name}][${env:SERVER_PORT}] 2023-01-01 13:16:15,086 INFO [main][DirectJDKLog.java:173] - Initializing ProtocolHandler ["http-nio-56085"]
[${project.name}][${env:SERVER_PORT}] 2023-01-01 13:16:15,112 INFO [main][DirectJDKLog.java:173] - Starting service [Tomcat]
[${project.name}][${env:SERVER_PORT}] 2023-01-01 13:16:15,114 INFO [main][DirectJDKLog.java:173] - Starting Servlet engine: [Apache Tomcat/9.0.16]
[${project.name}][${env:SERVER_PORT}] 2023-01-01 13:16:15,130 INFO [main][DirectJDKLog.java:173] - The APR based Apache Tomcat Native library which allows optimal performance in production environments was not found on the java.library.path: [D:\JDK1.8.0_131\bin;C:\WINDOWS\Sun\Java\bin;C:\WINDOWS\system32;C:\WINDOWS;D:\JDK1.8.0_131\bin;D:\MySQL8.0.26\bin;C:\Program Files\NVIDIA GPU Computing Toolkit\CUDA\v11.1\bin;C:\Program Files\NVIDIA GPU Computing Toolkit\CUDA\v11.1\libnvvp;D:\Anaconda;D:\Anaconda\Library\mingw-w64\bin;D:\Anaconda\Library\usr\bin;D:\Anaconda\Library\bin;D:\Anaconda\Scripts;C:\WINDOWS\system32;C:\WINDOWS;C:\WINDOWS\System32\Wbem;C:\WINDOWS\System32\WindowsPowerShell\v1.0\;C:\WINDOWS\System32\OpenSSH\;C:\Program Files\NVIDIA Corporation\Nsight Compute 2020.2.1\;C:\Program Files (x86)\NVIDIA Corporation\PhysX\Common;C:\Program Files\NVIDIA Corporation\NVIDIA NvDLISR;C:\Program Files\NVIDIA Corporation\NVSMI;C:\Program Files (x86)\Graphviz2.38\bin;D:\Matlab 2018b 64bit\Matlab 2018b\runtime\win64;D:\Matlab 2018b 64bit\Matlab 2018b\bin;D:\Git\cmd;C:\Program Files (x86)\Windows Kits\10\Windows Performance Toolkit\;C:\Program Files\dotnet\;C:\Program Files (x86)\ZED SDK\dependencies\freeglut_2.8\x64;C:\Program Files (x86)\ZED SDK\dependencies\glew-1.12.0\x64;C:\Program Files (x86)\ZED SDK\dependencies\opencv_3.1.0\x64;C:\Program Files (x86)\ZED SDK\bin;D:\JAVA_Structures\Maven\apache-maven-3.6.3\bin;D:\A-Software\Latex-2021\texlive\2021\bin\win32;D:\program\xshell7\;D:\program\xftp7\;D:\Microsoft VS Code\语言包\Scripts\;D:\Microsoft VS Code\语言包\;C:\Users\admin\AppData\Local\Microsoft\WindowsApps;D:\Python\PyCharm Community Edition 2021.2.2\bin;;D:\Microsoft VS Code\bin;D:\IdeaIU-2019_x64\IntelliJ IDEA 2019.3.3\bin;;.]
[${project.name}][${env:SERVER_PORT}] 2023-01-01 13:16:15,619 INFO [main][DirectJDKLog.java:173] - Initializing Spring embedded WebApplicationContext
[${project.name}][${env:SERVER_PORT}] 2023-01-01 13:16:15,619 INFO [main][ServletWebServerApplicationContext.java:296] - Root WebApplicationContext: initialization completed in 5655 ms
[${project.name}][${env:SERVER_PORT}] 2023-01-01 13:16:17,556 INFO [main][EndpointLinksResolver.java:59] - Exposing 2 endpoint(s) beneath base path '/actuator'
[${project.name}][${env:SERVER_PORT}] 2023-01-01 13:16:17,713 INFO [main][PropertySourcedRequestMappingHandlerMapping.java:69] - Mapped URL path [/v2/api-docs] onto method [public org.springframework.http.ResponseEntity<springfox.documentation.spring.web.json.Json> springfox.documentation.swagger2.web.Swagger2Controller.getDocumentation(java.lang.String,javax.servlet.http.HttpServletRequest)]
[${project.name}][${env:SERVER_PORT}] 2023-01-01 13:16:17,999 INFO [main][ExecutorConfigurationSupport.java:171] - Initializing ExecutorService 'applicationTaskExecutor'
[${project.name}][${env:SERVER_PORT}] 2023-01-01 13:16:18,734 INFO [main][DocumentationPluginsBootstrapper.java:160] - Context refreshed
[${project.name}][${env:SERVER_PORT}] 2023-01-01 13:16:18,791 INFO [main][DocumentationPluginsBootstrapper.java:163] - Found 1 custom documentation plugin(s)
[${project.name}][${env:SERVER_PORT}] 2023-01-01 13:16:18,873 INFO [main][ApiListingReferenceScanner.java:41] - Scanning for api listing references
[${project.name}][${env:SERVER_PORT}] 2023-01-01 13:16:19,207 INFO [main][DirectJDKLog.java:173] - Starting ProtocolHandler ["http-nio-56085"]
[${project.name}][${env:SERVER_PORT}] 2023-01-01 13:16:19,269 INFO [main][TomcatWebServer.java:204] - Tomcat started on port(s): 56085 (http) with context path '/sailing'
[${project.name}][${env:SERVER_PORT}] 2023-01-01 13:16:19,275 INFO [main][StartupInfoLogger.java:59] - Started SailingBootstrap in 11.046 seconds (JVM running for 18.982)
[${project.name}][${env:SERVER_PORT}] 2023-01-01 13:16:22,116 INFO [RMI TCP Connection(3)-192.168.142.1][DirectJDKLog.java:173] - Initializing Spring DispatcherServlet 'dispatcherServlet'
[${project.name}][${env:SERVER_PORT}] 2023-01-01 13:16:22,116 INFO [RMI TCP Connection(3)-192.168.142.1][FrameworkServlet.java:524] - Initializing Servlet 'dispatcherServlet'
[${project.name}][${env:SERVER_PORT}] 2023-01-01 13:16:22,134 INFO [RMI TCP Connection(3)-192.168.142.1][FrameworkServlet.java:546] - Completed initialization in 18 ms
[${project.name}][${env:SERVER_PORT}] 2023-01-01 13:16:22,504 INFO [RMI TCP Connection(2)-192.168.142.1][EpollProvider.java:68] - Starting without optional epoll library
[${project.name}][${env:SERVER_PORT}] 2023-01-01 13:16:22,504 INFO [RMI TCP Connection(2)-192.168.142.1][KqueueProvider.java:70] - Starting without optional kqueue library
[${project.name}][${env:SERVER_PORT}] 2023-01-01 13:20:08,375 INFO [main][StartupInfoLogger.java:50] - Starting SailingBootstrap on DESKTOP-6O38A94 with PID 14660 (D:\IdeaIU-2019_x64\IDEA_Projects\heima\Pay_Project\other-modules\sailing\target\classes started by admin in D:\IdeaIU-2019_x64\IDEA_Projects\heima\Pay_Project\other-modules\sailing)
[${project.name}][${env:SERVER_PORT}] 2023-01-01 13:20:08,395 INFO [main][SpringApplication.java:675] - No active profile set, falling back to default profiles: default
[${project.name}][${env:SERVER_PORT}] 2023-01-01 13:20:11,614 INFO [main][RepositoryConfigurationDelegate.java:244] - Multiple Spring Data modules found, entering strict repository configuration mode!
[${project.name}][${env:SERVER_PORT}] 2023-01-01 13:20:11,623 INFO [main][RepositoryConfigurationDelegate.java:126] - Bootstrapping Spring Data repositories in DEFAULT mode.
[${project.name}][${env:SERVER_PORT}] 2023-01-01 13:20:11,942 INFO [main][RepositoryConfigurationDelegate.java:182] - Finished Spring Data repository scanning in 266ms. Found 0 repository interfaces.
[${project.name}][${env:SERVER_PORT}] 2023-01-01 13:20:14,633 INFO [main][TomcatWebServer.java:90] - Tomcat initialized with port(s): 56085 (http)
[${project.name}][${env:SERVER_PORT}] 2023-01-01 13:20:14,677 INFO [main][DirectJDKLog.java:173] - Initializing ProtocolHandler ["http-nio-56085"]
[${project.name}][${env:SERVER_PORT}] 2023-01-01 13:20:14,698 INFO [main][DirectJDKLog.java:173] - Starting service [Tomcat]
[${project.name}][${env:SERVER_PORT}] 2023-01-01 13:20:14,700 INFO [main][DirectJDKLog.java:173] - Starting Servlet engine: [Apache Tomcat/9.0.16]
[${project.name}][${env:SERVER_PORT}] 2023-01-01 13:20:15,264 INFO [main][DirectJDKLog.java:173] - The APR based Apache Tomcat Native library which allows optimal performance in production environments was not found on the java.library.path: [D:\JDK1.8.0_131\bin;C:\WINDOWS\Sun\Java\bin;C:\WINDOWS\system32;C:\WINDOWS;D:\JDK1.8.0_131\bin;D:\MySQL8.0.26\bin;C:\Program Files\NVIDIA GPU Computing Toolkit\CUDA\v11.1\bin;C:\Program Files\NVIDIA GPU Computing Toolkit\CUDA\v11.1\libnvvp;D:\Anaconda;D:\Anaconda\Library\mingw-w64\bin;D:\Anaconda\Library\usr\bin;D:\Anaconda\Library\bin;D:\Anaconda\Scripts;C:\WINDOWS\system32;C:\WINDOWS;C:\WINDOWS\System32\Wbem;C:\WINDOWS\System32\WindowsPowerShell\v1.0\;C:\WINDOWS\System32\OpenSSH\;C:\Program Files\NVIDIA Corporation\Nsight Compute 2020.2.1\;C:\Program Files (x86)\NVIDIA Corporation\PhysX\Common;C:\Program Files\NVIDIA Corporation\NVIDIA NvDLISR;C:\Program Files\NVIDIA Corporation\NVSMI;C:\Program Files (x86)\Graphviz2.38\bin;D:\Matlab 2018b 64bit\Matlab 2018b\runtime\win64;D:\Matlab 2018b 64bit\Matlab 2018b\bin;D:\Git\cmd;C:\Program Files (x86)\Windows Kits\10\Windows Performance Toolkit\;C:\Program Files\dotnet\;C:\Program Files (x86)\ZED SDK\dependencies\freeglut_2.8\x64;C:\Program Files (x86)\ZED SDK\dependencies\glew-1.12.0\x64;C:\Program Files (x86)\ZED SDK\dependencies\opencv_3.1.0\x64;C:\Program Files (x86)\ZED SDK\bin;D:\JAVA_Structures\Maven\apache-maven-3.6.3\bin;D:\A-Software\Latex-2021\texlive\2021\bin\win32;D:\program\xshell7\;D:\program\xftp7\;D:\Microsoft VS Code\语言包\Scripts\;D:\Microsoft VS Code\语言包\;C:\Users\admin\AppData\Local\Microsoft\WindowsApps;D:\Python\PyCharm Community Edition 2021.2.2\bin;;D:\Microsoft VS Code\bin;D:\IdeaIU-2019_x64\IntelliJ IDEA 2019.3.3\bin;;.]
[${project.name}][${env:SERVER_PORT}] 2023-01-01 13:20:15,894 INFO [main][DirectJDKLog.java:173] - Initializing Spring embedded WebApplicationContext
[${project.name}][${env:SERVER_PORT}] 2023-01-01 13:20:15,894 INFO [main][ServletWebServerApplicationContext.java:296] - Root WebApplicationContext: initialization completed in 7346 ms
[${project.name}][${env:SERVER_PORT}] 2023-01-01 13:20:18,915 INFO [main][EndpointLinksResolver.java:59] - Exposing 2 endpoint(s) beneath base path '/actuator'
[${project.name}][${env:SERVER_PORT}] 2023-01-01 13:20:19,104 INFO [main][PropertySourcedRequestMappingHandlerMapping.java:69] - Mapped URL path [/v2/api-docs] onto method [public org.springframework.http.ResponseEntity<springfox.documentation.spring.web.json.Json> springfox.documentation.swagger2.web.Swagger2Controller.getDocumentation(java.lang.String,javax.servlet.http.HttpServletRequest)]
[${project.name}][${env:SERVER_PORT}] 2023-01-01 13:20:19,577 INFO [main][ExecutorConfigurationSupport.java:171] - Initializing ExecutorService 'applicationTaskExecutor'
[${project.name}][${env:SERVER_PORT}] 2023-01-01 13:20:20,744 INFO [main][DocumentationPluginsBootstrapper.java:160] - Context refreshed
[${project.name}][${env:SERVER_PORT}] 2023-01-01 13:20:20,802 INFO [main][DocumentationPluginsBootstrapper.java:163] - Found 1 custom documentation plugin(s)
[${project.name}][${env:SERVER_PORT}] 2023-01-01 13:20:20,895 INFO [main][ApiListingReferenceScanner.java:41] - Scanning for api listing references
[${project.name}][${env:SERVER_PORT}] 2023-01-01 13:20:21,285 INFO [main][DirectJDKLog.java:173] - Starting ProtocolHandler ["http-nio-56085"]
[${project.name}][${env:SERVER_PORT}] 2023-01-01 13:20:21,357 INFO [main][TomcatWebServer.java:204] - Tomcat started on port(s): 56085 (http) with context path '/sailing'
[${project.name}][${env:SERVER_PORT}] 2023-01-01 13:20:21,365 INFO [main][StartupInfoLogger.java:59] - Started SailingBootstrap in 13.96 seconds (JVM running for 19.126)
[${project.name}][${env:SERVER_PORT}] 2023-01-01 13:20:22,738 INFO [RMI TCP Connection(3)-192.168.142.1][DirectJDKLog.java:173] - Initializing Spring DispatcherServlet 'dispatcherServlet'
[${project.name}][${env:SERVER_PORT}] 2023-01-01 13:20:22,738 INFO [RMI TCP Connection(3)-192.168.142.1][FrameworkServlet.java:524] - Initializing Servlet 'dispatcherServlet'
[${project.name}][${env:SERVER_PORT}] 2023-01-01 13:20:22,752 INFO [RMI TCP Connection(3)-192.168.142.1][FrameworkServlet.java:546] - Completed initialization in 13 ms
[${project.name}][${env:SERVER_PORT}] 2023-01-01 13:20:22,968 INFO [RMI TCP Connection(4)-192.168.142.1][EpollProvider.java:68] - Starting without optional epoll library
[${project.name}][${env:SERVER_PORT}] 2023-01-01 13:20:22,973 INFO [RMI TCP Connection(4)-192.168.142.1][KqueueProvider.java:70] - Starting without optional kqueue library
[${project.name}][${env:SERVER_PORT}] 2023-01-01 13:36:25,703 INFO [main][StartupInfoLogger.java:50] - Starting SailingBootstrap on DESKTOP-6O38A94 with PID 15092 (D:\IdeaIU-2019_x64\IDEA_Projects\heima\Pay_Project\other-modules\sailing\target\classes started by admin in D:\IdeaIU-2019_x64\IDEA_Projects\heima\Pay_Project\other-modules\sailing)
[${project.name}][${env:SERVER_PORT}] 2023-01-01 13:36:25,881 INFO [main][SpringApplication.java:675] - No active profile set, falling back to default profiles: default
[${project.name}][${env:SERVER_PORT}] 2023-01-01 13:36:28,637 INFO [main][RepositoryConfigurationDelegate.java:244] - Multiple Spring Data modules found, entering strict repository configuration mode!
[${project.name}][${env:SERVER_PORT}] 2023-01-01 13:36:28,647 INFO [main][RepositoryConfigurationDelegate.java:126] - Bootstrapping Spring Data repositories in DEFAULT mode.
[${project.name}][${env:SERVER_PORT}] 2023-01-01 13:36:28,751 INFO [main][RepositoryConfigurationDelegate.java:182] - Finished Spring Data repository scanning in 68ms. Found 0 repository interfaces.
[${project.name}][${env:SERVER_PORT}] 2023-01-01 13:36:29,836 INFO [main][TomcatWebServer.java:90] - Tomcat initialized with port(s): 56085 (http)
[${project.name}][${env:SERVER_PORT}] 2023-01-01 13:36:29,871 INFO [main][DirectJDKLog.java:173] - Initializing ProtocolHandler ["http-nio-56085"]
[${project.name}][${env:SERVER_PORT}] 2023-01-01 13:36:29,883 INFO [main][DirectJDKLog.java:173] - Starting service [Tomcat]
[${project.name}][${env:SERVER_PORT}] 2023-01-01 13:36:29,894 INFO [main][DirectJDKLog.java:173] - Starting Servlet engine: [Apache Tomcat/9.0.16]
[${project.name}][${env:SERVER_PORT}] 2023-01-01 13:36:29,906 INFO [main][DirectJDKLog.java:173] - The APR based Apache Tomcat Native library which allows optimal performance in production environments was not found on the java.library.path: [D:\JDK1.8.0_131\bin;C:\WINDOWS\Sun\Java\bin;C:\WINDOWS\system32;C:\WINDOWS;D:\JDK1.8.0_131\bin;D:\MySQL8.0.26\bin;C:\Program Files\NVIDIA GPU Computing Toolkit\CUDA\v11.1\bin;C:\Program Files\NVIDIA GPU Computing Toolkit\CUDA\v11.1\libnvvp;D:\Anaconda;D:\Anaconda\Library\mingw-w64\bin;D:\Anaconda\Library\usr\bin;D:\Anaconda\Library\bin;D:\Anaconda\Scripts;C:\WINDOWS\system32;C:\WINDOWS;C:\WINDOWS\System32\Wbem;C:\WINDOWS\System32\WindowsPowerShell\v1.0\;C:\WINDOWS\System32\OpenSSH\;C:\Program Files\NVIDIA Corporation\Nsight Compute 2020.2.1\;C:\Program Files (x86)\NVIDIA Corporation\PhysX\Common;C:\Program Files\NVIDIA Corporation\NVIDIA NvDLISR;C:\Program Files\NVIDIA Corporation\NVSMI;C:\Program Files (x86)\Graphviz2.38\bin;D:\Matlab 2018b 64bit\Matlab 2018b\runtime\win64;D:\Matlab 2018b 64bit\Matlab 2018b\bin;D:\Git\cmd;C:\Program Files (x86)\Windows Kits\10\Windows Performance Toolkit\;C:\Program Files\dotnet\;C:\Program Files (x86)\ZED SDK\dependencies\freeglut_2.8\x64;C:\Program Files (x86)\ZED SDK\dependencies\glew-1.12.0\x64;C:\Program Files (x86)\ZED SDK\dependencies\opencv_3.1.0\x64;C:\Program Files (x86)\ZED SDK\bin;D:\JAVA_Structures\Maven\apache-maven-3.6.3\bin;D:\A-Software\Latex-2021\texlive\2021\bin\win32;D:\program\xshell7\;D:\program\xftp7\;D:\Microsoft VS Code\语言包\Scripts\;D:\Microsoft VS Code\语言包\;C:\Users\admin\AppData\Local\Microsoft\WindowsApps;D:\Python\PyCharm Community Edition 2021.2.2\bin;;D:\Microsoft VS Code\bin;D:\IdeaIU-2019_x64\IntelliJ IDEA 2019.3.3\bin;;.]
[${project.name}][${env:SERVER_PORT}] 2023-01-01 13:36:30,269 INFO [main][DirectJDKLog.java:173] - Initializing Spring embedded WebApplicationContext
[${project.name}][${env:SERVER_PORT}] 2023-01-01 13:36:30,269 INFO [main][ServletWebServerApplicationContext.java:296] - Root WebApplicationContext: initialization completed in 4288 ms
[${project.name}][${env:SERVER_PORT}] 2023-01-01 13:36:31,668 INFO [main][EndpointLinksResolver.java:59] - Exposing 2 endpoint(s) beneath base path '/actuator'
[${project.name}][${env:SERVER_PORT}] 2023-01-01 13:36:31,788 INFO [main][PropertySourcedRequestMappingHandlerMapping.java:69] - Mapped URL path [/v2/api-docs] onto method [public org.springframework.http.ResponseEntity<springfox.documentation.spring.web.json.Json> springfox.documentation.swagger2.web.Swagger2Controller.getDocumentation(java.lang.String,javax.servlet.http.HttpServletRequest)]
[${project.name}][${env:SERVER_PORT}] 2023-01-01 13:36:31,980 INFO [main][ExecutorConfigurationSupport.java:171] - Initializing ExecutorService 'applicationTaskExecutor'
[${project.name}][${env:SERVER_PORT}] 2023-01-01 13:36:33,071 INFO [main][DocumentationPluginsBootstrapper.java:160] - Context refreshed
[${project.name}][${env:SERVER_PORT}] 2023-01-01 13:36:33,110 INFO [main][DocumentationPluginsBootstrapper.java:163] - Found 1 custom documentation plugin(s)
[${project.name}][${env:SERVER_PORT}] 2023-01-01 13:36:33,164 INFO [main][ApiListingReferenceScanner.java:41] - Scanning for api listing references
[${project.name}][${env:SERVER_PORT}] 2023-01-01 13:36:33,413 INFO [main][DirectJDKLog.java:173] - Starting ProtocolHandler ["http-nio-56085"]
[${project.name}][${env:SERVER_PORT}] 2023-01-01 13:36:33,461 INFO [main][TomcatWebServer.java:204] - Tomcat started on port(s): 56085 (http) with context path '/sailing'
[${project.name}][${env:SERVER_PORT}] 2023-01-01 13:36:33,463 INFO [main][StartupInfoLogger.java:59] - Started SailingBootstrap in 9.379 seconds (JVM running for 14.539)
[${project.name}][${env:SERVER_PORT}] 2023-01-01 13:36:33,927 INFO [RMI TCP Connection(1)-192.168.142.1][DirectJDKLog.java:173] - Initializing Spring DispatcherServlet 'dispatcherServlet'
[${project.name}][${env:SERVER_PORT}] 2023-01-01 13:36:33,927 INFO [RMI TCP Connection(1)-192.168.142.1][FrameworkServlet.java:524] - Initializing Servlet 'dispatcherServlet'
[${project.name}][${env:SERVER_PORT}] 2023-01-01 13:36:33,936 INFO [RMI TCP Connection(1)-192.168.142.1][FrameworkServlet.java:546] - Completed initialization in 8 ms
[${project.name}][${env:SERVER_PORT}] 2023-01-01 13:36:35,804 INFO [RMI TCP Connection(3)-192.168.142.1][EpollProvider.java:68] - Starting without optional epoll library
[${project.name}][${env:SERVER_PORT}] 2023-01-01 13:36:35,810 INFO [RMI TCP Connection(3)-192.168.142.1][KqueueProvider.java:70] - Starting without optional kqueue library
[${project.name}][${env:SERVER_PORT}] 2023-01-01 13:36:47,102 INFO [http-nio-56085-exec-1][QCloudSmsService.java:56] - 给手机号13345678903发送验证码：274987
[${project.name}][${env:SERVER_PORT}] 2023-01-01 13:40:00,569 INFO [http-nio-56085-exec-6][QCloudSmsService.java:56] - 给手机号13345678903发送验证码：075491
